2023-12-15 17:27:13.611 [info] Log level: Info
2023-12-15 17:27:13.611 [info] Validating found git in: "git"
2023-12-15 17:27:13.611 [info] Using git "2.25.1" from "git"
2023-12-15 17:27:13.619 [info] > git rev-parse --show-toplevel [12ms]
2023-12-15 17:27:13.894 [info] > git rev-parse --git-dir --git-common-dir [22ms]
2023-12-15 17:27:13.926 [info] Open repository: /home/by1094/testRepo
2023-12-15 17:27:14.045 [info] > git rev-parse --show-toplevel [100ms]
2023-12-15 17:27:14.046 [info] > git config --get commit.template [110ms]
2023-12-15 17:27:14.078 [info] > git rev-parse --show-toplevel [22ms]
2023-12-15 17:27:14.093 [info] > git for-each-ref --format=%(refname)%00%(upstream:short)%00%(objectname)%00%(upstream:track)%00%(upstream:remotename)%00%(upstream:remoteref) refs/heads/master refs/remotes/master [18ms]
2023-12-15 17:27:14.106 [info] > git status -z -uall [6ms]
2023-12-15 17:27:14.141 [info] > git config --get commit.template [7ms]
2023-12-15 17:27:14.141 [info] > git for-each-ref --format=%(refname)%00%(upstream:short)%00%(objectname)%00%(upstream:track)%00%(upstream:remotename)%00%(upstream:remoteref) refs/heads/master refs/remotes/master [2ms]
2023-12-15 17:27:14.147 [info] > git status -z -uall [0ms]
2023-12-15 17:27:14.523 [info] > git show --textconv :src/routers/user.js [10ms]
2023-12-15 17:27:14.523 [info] > git ls-files --stage -- /home/by1094/testRepo/src/routers/user.js [2ms]
2023-12-15 17:27:14.529 [info] > git cat-file -s df956a442b3b1da62db45e8419ae1cbe517fb918 [2ms]
2023-12-15 17:27:14.568 [info] > git check-ignore -v -z --stdin [1ms]
2023-12-15 17:28:12.333 [info] > git for-each-ref --sort -committerdate --format %(refname) %(objectname) %(*objectname) [15ms]
2023-12-15 17:28:21.625 [info] > git for-each-ref --format %(refname:short)%00%(upstream:short) refs/heads [3ms]
2023-12-15 17:28:21.664 [info] > git checkout -q featrue/routing [20ms]
2023-12-15 17:28:21.697 [info] > git config --get commit.template [17ms]
2023-12-15 17:28:21.699 [info] > git for-each-ref --format=%(refname)%00%(upstream:short)%00%(objectname)%00%(upstream:track)%00%(upstream:remotename)%00%(upstream:remoteref) refs/heads/featrue/routing refs/remotes/featrue/routing [4ms]
2023-12-15 17:28:21.714 [info] > git status -z -uall [4ms]
2023-12-15 17:28:22.775 [info] > git config --get commit.template [2ms]
2023-12-15 17:28:22.789 [info] > git for-each-ref --format=%(refname)%00%(upstream:short)%00%(objectname)%00%(upstream:track)%00%(upstream:remotename)%00%(upstream:remoteref) refs/heads/featrue/routing refs/remotes/featrue/routing [3ms]
2023-12-15 17:28:22.800 [info] > git status -z -uall [3ms]
2023-12-15 17:28:22.882 [info] > git ls-files --stage -- /home/by1094/testRepo/src/routers/user.js [2ms]
2023-12-15 17:28:22.897 [info] > git cat-file -s df956a442b3b1da62db45e8419ae1cbe517fb918 [3ms]
2023-12-15 17:28:22.933 [info] > git show --textconv :src/routers/user.js [5ms]
2023-12-15 17:30:08.441 [info] > git config --get commit.template [12ms]
2023-12-15 17:30:08.446 [info] > git for-each-ref --format=%(refname)%00%(upstream:short)%00%(objectname)%00%(upstream:track)%00%(upstream:remotename)%00%(upstream:remoteref) refs/heads/feature/routing refs/remotes/feature/routing [7ms]
2023-12-15 17:30:08.459 [info] > git status -z -uall [2ms]
2023-12-15 17:30:08.537 [info] > git ls-files --stage -- /home/by1094/testRepo/src/routers/user.js [1ms]
2023-12-15 17:30:08.553 [info] > git cat-file -s df956a442b3b1da62db45e8419ae1cbe517fb918 [3ms]
2023-12-15 17:30:08.576 [info] > git show --textconv :src/routers/user.js [5ms]
2023-12-15 17:30:35.667 [info] > git config --get commit.template [1ms]
2023-12-15 17:30:35.675 [info] > git for-each-ref --format=%(refname)%00%(upstream:short)%00%(objectname)%00%(upstream:track)%00%(upstream:remotename)%00%(upstream:remoteref) refs/heads/feature/routing refs/remotes/feature/routing [1ms]
2023-12-15 17:30:35.686 [info] > git status -z -uall [1ms]
2023-12-15 17:30:35.773 [info] > git ls-files --stage -- /home/by1094/testRepo/src/routers/user.js [2ms]
2023-12-15 17:30:35.784 [info] > git cat-file -s df956a442b3b1da62db45e8419ae1cbe517fb918 [4ms]
2023-12-15 17:30:35.798 [info] > git show --textconv :src/routers/user.js [1ms]
2023-12-15 17:30:42.385 [info] > git show --textconv HEAD:src/app.js [5ms]
2023-12-15 17:30:42.388 [info] > git ls-tree -l HEAD -- /home/by1094/testRepo/src/app.js [4ms]
2023-12-15 17:31:58.797 [info] > git ls-tree -l HEAD -- /home/by1094/testRepo/src/app.js [0ms]
2023-12-15 17:32:07.493 [info] > git for-each-ref --sort -committerdate --format %(refname) %(objectname) %(*objectname) [2ms]
2023-12-15 17:32:26.906 [info] > git config --get commit.template [2ms]
2023-12-15 17:32:26.931 [info] > git for-each-ref --format=%(refname)%00%(upstream:short)%00%(objectname)%00%(upstream:track)%00%(upstream:remotename)%00%(upstream:remoteref) refs/heads/feature/routing refs/remotes/feature/routing [5ms]
2023-12-15 17:32:26.947 [info] > git status -z -uall [9ms]
2023-12-15 17:32:27.007 [info] > git ls-tree -l HEAD -- /home/by1094/testRepo/src/app.js [1ms]
2023-12-15 17:32:27.057 [info] > git show --textconv HEAD:src/app.js [1ms]
2023-12-15 17:32:31.959 [info] > git config --get commit.template [1ms]
2023-12-15 17:32:31.965 [info] > git for-each-ref --format=%(refname)%00%(upstream:short)%00%(objectname)%00%(upstream:track)%00%(upstream:remotename)%00%(upstream:remoteref) refs/heads/feature/routing refs/remotes/feature/routing [1ms]
2023-12-15 17:32:31.973 [info] > git status -z -uall [1ms]
2023-12-15 17:34:04.908 [info] > git ls-tree -l HEAD -- /home/by1094/testRepo/src/app.js [1ms]
2023-12-15 17:34:09.973 [info] > git for-each-ref --sort -committerdate --format %(refname) %(objectname) %(*objectname) [2ms]
2023-12-15 17:34:14.369 [info] > git checkout -q featrue/docker-DB [16ms]
2023-12-15 17:34:14.369 [info] error: Your local changes to the following files would be overwritten by checkout:
	src/app.js
Please commit your changes or stash them before you switch branches.
Aborting
2023-12-15 17:34:14.384 [info] > git config --get commit.template [7ms]
2023-12-15 17:34:14.384 [info] > git for-each-ref --format=%(refname)%00%(upstream:short)%00%(objectname)%00%(upstream:track)%00%(upstream:remotename)%00%(upstream:remoteref) refs/heads/feature/routing refs/remotes/feature/routing [2ms]
2023-12-15 17:34:14.392 [info] > git status -z -uall [1ms]
2023-12-15 17:34:27.189 [info] > git ls-tree -l HEAD -- /home/by1094/testRepo/src/app.js [2ms]
2023-12-15 17:35:00.874 [info] > git config --get commit.template [2ms]
2023-12-15 17:35:00.882 [info] > git for-each-ref --format=%(refname)%00%(upstream:short)%00%(objectname)%00%(upstream:track)%00%(upstream:remotename)%00%(upstream:remoteref) refs/heads/feature/routing refs/remotes/feature/routing [2ms]
2023-12-15 17:35:00.889 [info] > git status -z -uall [2ms]
2023-12-15 17:35:00.982 [info] > git ls-files --stage -- /home/by1094/testRepo/src/app.js [2ms]
2023-12-15 17:35:01.003 [info] > git cat-file -s 1153841ec37990700192ad35b0269a19ea21ea6d [3ms]
2023-12-15 17:35:01.029 [info] > git show --textconv :src/app.js [2ms]
2023-12-15 17:35:04.301 [info] > git ls-files --stage -- /home/by1094/testRepo/src/app.js [2ms]
2023-12-15 17:35:04.314 [info] > git cat-file -s 1153841ec37990700192ad35b0269a19ea21ea6d [1ms]
2023-12-15 17:35:04.336 [info] > git show --textconv :src/app.js [2ms]
2023-12-15 17:35:05.912 [info] > git config --get commit.template [1ms]
2023-12-15 17:35:05.926 [info] > git for-each-ref --format=%(refname)%00%(upstream:short)%00%(objectname)%00%(upstream:track)%00%(upstream:remotename)%00%(upstream:remoteref) refs/heads/feature/routing refs/remotes/feature/routing [2ms]
2023-12-15 17:35:05.941 [info] > git status -z -uall [4ms]
2023-12-15 17:35:06.343 [info] > git ls-files --stage -- /home/by1094/testRepo/src/app.js [2ms]
2023-12-15 17:35:06.355 [info] > git cat-file -s 1153841ec37990700192ad35b0269a19ea21ea6d [2ms]
2023-12-15 17:35:06.379 [info] > git show --textconv :src/app.js [2ms]
2023-12-15 17:35:10.956 [info] > git config --get commit.template [1ms]
2023-12-15 17:35:10.964 [info] > git for-each-ref --format=%(refname)%00%(upstream:short)%00%(objectname)%00%(upstream:track)%00%(upstream:remotename)%00%(upstream:remoteref) refs/heads/feature/routing refs/remotes/feature/routing [1ms]
2023-12-15 17:35:10.972 [info] > git status -z -uall [2ms]
2023-12-15 17:35:35.245 [info] > git config --get commit.template [8ms]
2023-12-15 17:35:35.245 [info] > git for-each-ref --format=%(refname)%00%(upstream:short)%00%(objectname)%00%(upstream:track)%00%(upstream:remotename)%00%(upstream:remoteref) refs/heads/feature/routing refs/remotes/feature/routing [2ms]
2023-12-15 17:35:35.252 [info] > git status -z -uall [1ms]
2023-12-15 17:35:35.343 [info] > git ls-files --stage -- /home/by1094/testRepo/src/app.js [0ms]
2023-12-15 17:35:35.349 [info] > git cat-file -s 1153841ec37990700192ad35b0269a19ea21ea6d [1ms]
2023-12-15 17:35:35.364 [info] > git show --textconv :src/app.js [1ms]
2023-12-15 17:35:39.460 [info] > git ls-files --stage -- /home/by1094/testRepo/src/app.js [3ms]
2023-12-15 17:35:39.472 [info] > git cat-file -s 1153841ec37990700192ad35b0269a19ea21ea6d [1ms]
2023-12-15 17:35:39.492 [info] > git show --textconv :src/app.js [4ms]
2023-12-15 17:35:40.276 [info] > git config --get commit.template [4ms]
2023-12-15 17:35:40.291 [info] > git for-each-ref --format=%(refname)%00%(upstream:short)%00%(objectname)%00%(upstream:track)%00%(upstream:remotename)%00%(upstream:remoteref) refs/heads/feature/routing refs/remotes/feature/routing [3ms]
2023-12-15 17:35:40.311 [info] > git status -z -uall [5ms]
2023-12-15 17:35:45.348 [info] > git config --get commit.template [1ms]
2023-12-15 17:35:45.361 [info] > git for-each-ref --format=%(refname)%00%(upstream:short)%00%(objectname)%00%(upstream:track)%00%(upstream:remotename)%00%(upstream:remoteref) refs/heads/feature/routing refs/remotes/feature/routing [2ms]
2023-12-15 17:35:45.372 [info] > git status -z -uall [2ms]
2023-12-15 17:35:55.542 [info] > git config --get commit.template [14ms]
2023-12-15 17:35:55.543 [info] > git for-each-ref --format=%(refname)%00%(upstream:short)%00%(objectname)%00%(upstream:track)%00%(upstream:remotename)%00%(upstream:remoteref) refs/heads/feature/routing refs/remotes/feature/routing [2ms]
2023-12-15 17:35:55.557 [info] > git status -z -uall [3ms]
2023-12-15 17:35:55.678 [info] > git ls-tree -l HEAD -- /home/by1094/testRepo/src/app.js [3ms]
2023-12-15 17:35:55.748 [info] > git show --textconv HEAD:src/app.js [4ms]
2023-12-15 17:35:59.604 [info] > git for-each-ref --sort -committerdate --format %(refname) %(objectname) %(*objectname) [2ms]
2023-12-15 17:36:00.596 [info] > git config --get commit.template [15ms]
2023-12-15 17:36:00.598 [info] > git for-each-ref --format=%(refname)%00%(upstream:short)%00%(objectname)%00%(upstream:track)%00%(upstream:remotename)%00%(upstream:remoteref) refs/heads/feature/routing refs/remotes/feature/routing [4ms]
2023-12-15 17:36:00.615 [info] > git status -z -uall [3ms]
2023-12-15 17:36:07.046 [info] > git checkout -q featrue/docker-DB [20ms]
2023-12-15 17:36:07.061 [info] > git config --get commit.template [2ms]
2023-12-15 17:36:07.071 [info] > git for-each-ref --format=%(refname)%00%(upstream:short)%00%(objectname)%00%(upstream:track)%00%(upstream:remotename)%00%(upstream:remoteref) refs/heads/featrue/docker-DB refs/remotes/featrue/docker-DB [1ms]
2023-12-15 17:36:07.081 [info] > git status -z -uall [3ms]
2023-12-15 17:36:08.166 [info] > git config --get commit.template [2ms]
2023-12-15 17:36:08.173 [info] > git for-each-ref --format=%(refname)%00%(upstream:short)%00%(objectname)%00%(upstream:track)%00%(upstream:remotename)%00%(upstream:remoteref) refs/heads/featrue/docker-DB refs/remotes/featrue/docker-DB [1ms]
2023-12-15 17:36:08.183 [info] > git status -z -uall [1ms]
2023-12-15 17:36:08.277 [info] > git ls-tree -l HEAD -- /home/by1094/testRepo/src/app.js [2ms]
2023-12-15 17:36:08.337 [info] > git show --textconv HEAD:src/app.js [1ms]
2023-12-15 17:36:13.205 [info] > git config --get commit.template [2ms]
2023-12-15 17:36:13.220 [info] > git for-each-ref --format=%(refname)%00%(upstream:short)%00%(objectname)%00%(upstream:track)%00%(upstream:remotename)%00%(upstream:remoteref) refs/heads/featrue/docker-DB refs/remotes/featrue/docker-DB [3ms]
2023-12-15 17:36:13.237 [info] > git status -z -uall [3ms]
2023-12-15 17:36:17.410 [info] > git ls-tree -l HEAD -- /home/by1094/testRepo/src/app.js [2ms]
2023-12-15 17:36:17.486 [info] > git show --textconv HEAD:src/app.js [5ms]
2023-12-15 17:36:18.275 [info] > git config --get commit.template [17ms]
2023-12-15 17:36:18.276 [info] > git for-each-ref --format=%(refname)%00%(upstream:short)%00%(objectname)%00%(upstream:track)%00%(upstream:remotename)%00%(upstream:remoteref) refs/heads/featrue/docker-DB refs/remotes/featrue/docker-DB [3ms]
2023-12-15 17:36:18.292 [info] > git status -z -uall [2ms]
2023-12-15 17:36:23.321 [info] > git config --get commit.template [11ms]
2023-12-15 17:36:23.322 [info] > git for-each-ref --format=%(refname)%00%(upstream:short)%00%(objectname)%00%(upstream:track)%00%(upstream:remotename)%00%(upstream:remoteref) refs/heads/featrue/docker-DB refs/remotes/featrue/docker-DB [2ms]
2023-12-15 17:36:23.335 [info] > git status -z -uall [1ms]
2023-12-15 17:36:54.014 [info] > git config --get commit.template [3ms]
2023-12-15 17:36:54.035 [info] > git for-each-ref --format=%(refname)%00%(upstream:short)%00%(objectname)%00%(upstream:track)%00%(upstream:remotename)%00%(upstream:remoteref) refs/heads/feature/docker-DB refs/remotes/feature/docker-DB [4ms]
2023-12-15 17:36:54.053 [info] > git status -z -uall [4ms]
2023-12-15 17:36:54.112 [info] > git ls-tree -l HEAD -- /home/by1094/testRepo/src/app.js [2ms]
2023-12-15 17:36:54.134 [info] > git show --textconv HEAD:src/app.js [1ms]
2023-12-15 17:36:59.067 [info] > git config --get commit.template [0ms]
2023-12-15 17:36:59.072 [info] > git for-each-ref --format=%(refname)%00%(upstream:short)%00%(objectname)%00%(upstream:track)%00%(upstream:remotename)%00%(upstream:remoteref) refs/heads/feature/docker-DB refs/remotes/feature/docker-DB [1ms]
2023-12-15 17:36:59.076 [info] > git status -z -uall [1ms]
2023-12-15 17:37:47.858 [info] > git config --get commit.template [2ms]
2023-12-15 17:37:47.863 [info] > git for-each-ref --format=%(refname)%00%(upstream:short)%00%(objectname)%00%(upstream:track)%00%(upstream:remotename)%00%(upstream:remoteref) refs/heads/feature/docker-DB refs/remotes/feature/docker-DB [1ms]
2023-12-15 17:37:47.867 [info] > git status -z -uall [1ms]
2023-12-15 17:37:47.959 [info] > git ls-tree -l HEAD -- /home/by1094/testRepo/src/app.js [0ms]
2023-12-15 17:37:48.016 [info] > git show --textconv HEAD:src/app.js [1ms]
2023-12-15 17:37:52.885 [info] > git config --get commit.template [1ms]
2023-12-15 17:37:52.906 [info] > git for-each-ref --format=%(refname)%00%(upstream:short)%00%(objectname)%00%(upstream:track)%00%(upstream:remotename)%00%(upstream:remoteref) refs/heads/feature/docker-DB refs/remotes/feature/docker-DB [1ms]
2023-12-15 17:37:52.917 [info] > git status -z -uall [1ms]
2023-12-15 17:38:55.391 [info] > git ls-tree -l HEAD -- /home/by1094/testRepo/src/app.js [1ms]
2023-12-15 17:41:13.085 [info] > git ls-tree -l HEAD -- /home/by1094/testRepo/src/app.js [2ms]
2023-12-15 17:41:21.418 [info] > git config --get commit.template [1ms]
2023-12-15 17:41:21.426 [info] > git for-each-ref --format=%(refname)%00%(upstream:short)%00%(objectname)%00%(upstream:track)%00%(upstream:remotename)%00%(upstream:remoteref) refs/heads/feature/front-html refs/remotes/feature/front-html [1ms]
2023-12-15 17:41:21.435 [info] > git status -z -uall [1ms]
2023-12-15 17:41:21.520 [info] > git ls-tree -l HEAD -- /home/by1094/testRepo/src/app.js [1ms]
2023-12-15 17:41:21.578 [info] > git show --textconv HEAD:src/app.js [0ms]
2023-12-15 17:41:26.445 [info] > git config --get commit.template [1ms]
2023-12-15 17:41:26.455 [info] > git for-each-ref --format=%(refname)%00%(upstream:short)%00%(objectname)%00%(upstream:track)%00%(upstream:remotename)%00%(upstream:remoteref) refs/heads/feature/front-html refs/remotes/feature/front-html [1ms]
2023-12-15 17:41:26.465 [info] > git status -z -uall [2ms]
2023-12-15 17:58:29.177 [info] > git ls-tree -l HEAD -- /home/by1094/testRepo/src/app.js [1ms]
2023-12-15 17:58:36.997 [info] > git for-each-ref --sort -committerdate --format %(refname) %(objectname) %(*objectname) [2ms]
2023-12-15 18:01:41.716 [info] > git ls-tree -l HEAD -- /home/by1094/testRepo/src/app.js [1ms]
2023-12-15 18:02:27.806 [info] > git ls-tree -l HEAD -- /home/by1094/testRepo/src/app.js [1ms]
2023-12-15 18:04:28.442 [info] > git ls-tree -l HEAD -- /home/by1094/testRepo/src/app.js [3ms]
2023-12-15 18:04:45.592 [info] > git ls-tree -l HEAD -- /home/by1094/testRepo/src/app.js [3ms]
2023-12-15 18:05:59.466 [info] > git ls-tree -l HEAD -- /home/by1094/testRepo/src/app.js [3ms]
2023-12-15 18:06:31.505 [info] > git ls-tree -l HEAD -- /home/by1094/testRepo/src/app.js [2ms]
2023-12-15 18:07:16.821 [info] > git ls-tree -l HEAD -- /home/by1094/testRepo/src/app.js [5ms]
2023-12-15 18:08:13.834 [info] > git for-each-ref --sort -committerdate --format %(refname) %(objectname) %(*objectname) [1ms]
2023-12-15 18:08:48.682 [info] > git ls-tree -l HEAD -- /home/by1094/testRepo/src/app.js [1ms]
2023-12-15 18:13:45.252 [info] > git ls-tree -l HEAD -- /home/by1094/testRepo/src/app.js [2ms]
2023-12-15 18:14:07.585 [info] > git show --textconv :.env [22ms]
2023-12-15 18:14:07.586 [info] > git ls-files --stage -- /home/by1094/testRepo/.env [8ms]
2023-12-15 18:14:11.013 [info] > git show --textconv :.gitignore [20ms]
2023-12-15 18:14:11.016 [info] > git ls-files --stage -- /home/by1094/testRepo/.gitignore [8ms]
2023-12-15 18:14:11.032 [info] > git cat-file -s e8938caab21abbfeec29ebe70c70366c78912006 [2ms]
2023-12-15 18:14:22.842 [info] > git check-ignore -v -z --stdin [2ms]
2023-12-15 18:14:23.732 [info] > git check-ignore -v -z --stdin [2ms]
2023-12-15 18:14:24.149 [info] > git config --get commit.template [3ms]
2023-12-15 18:14:24.162 [info] > git for-each-ref --format=%(refname)%00%(upstream:short)%00%(objectname)%00%(upstream:track)%00%(upstream:remotename)%00%(upstream:remoteref) refs/heads/feature/front-html refs/remotes/feature/front-html [2ms]
2023-12-15 18:14:24.182 [info] > git status -z -uall [4ms]
2023-12-15 18:15:04.101 [info] > git check-ignore -v -z --stdin [59ms]
2023-12-15 18:15:04.137 [info] > git show --textconv :src/public/main.ejs [10ms]
2023-12-15 18:15:04.137 [info] > git ls-files --stage -- /home/by1094/testRepo/src/public/main.ejs [2ms]
2023-12-15 18:15:05.058 [info] > git config --get commit.template [2ms]
2023-12-15 18:15:05.068 [info] > git for-each-ref --format=%(refname)%00%(upstream:short)%00%(objectname)%00%(upstream:track)%00%(upstream:remotename)%00%(upstream:remoteref) refs/heads/feature/front-html refs/remotes/feature/front-html [1ms]
2023-12-15 18:15:05.075 [info] > git status -z -uall [1ms]
2023-12-15 18:15:19.511 [info] > git config --get commit.template [2ms]
2023-12-15 18:15:19.524 [info] > git for-each-ref --format=%(refname)%00%(upstream:short)%00%(objectname)%00%(upstream:track)%00%(upstream:remotename)%00%(upstream:remoteref) refs/heads/feature/front-html refs/remotes/feature/front-html [1ms]
2023-12-15 18:15:19.534 [info] > git status -z -uall [2ms]
2023-12-15 18:15:24.557 [info] > git config --get commit.template [5ms]
2023-12-15 18:15:24.566 [info] > git for-each-ref --format=%(refname)%00%(upstream:short)%00%(objectname)%00%(upstream:track)%00%(upstream:remotename)%00%(upstream:remoteref) refs/heads/feature/front-html refs/remotes/feature/front-html [2ms]
2023-12-15 18:15:24.575 [info] > git status -z -uall [2ms]
2023-12-15 18:15:29.604 [info] > git config --get commit.template [11ms]
2023-12-15 18:15:29.605 [info] > git for-each-ref --format=%(refname)%00%(upstream:short)%00%(objectname)%00%(upstream:track)%00%(upstream:remotename)%00%(upstream:remoteref) refs/heads/feature/front-html refs/remotes/feature/front-html [2ms]
2023-12-15 18:15:29.616 [info] > git status -z -uall [3ms]
2023-12-15 18:15:34.659 [info] > git config --get commit.template [12ms]
2023-12-15 18:15:34.660 [info] > git for-each-ref --format=%(refname)%00%(upstream:short)%00%(objectname)%00%(upstream:track)%00%(upstream:remotename)%00%(upstream:remoteref) refs/heads/feature/front-html refs/remotes/feature/front-html [2ms]
2023-12-15 18:15:34.671 [info] > git status -z -uall [3ms]
2023-12-15 18:15:39.695 [info] > git config --get commit.template [2ms]
2023-12-15 18:15:39.708 [info] > git for-each-ref --format=%(refname)%00%(upstream:short)%00%(objectname)%00%(upstream:track)%00%(upstream:remotename)%00%(upstream:remoteref) refs/heads/feature/front-html refs/remotes/feature/front-html [2ms]
2023-12-15 18:15:39.720 [info] > git status -z -uall [3ms]
2023-12-15 18:15:44.741 [info] > git config --get commit.template [2ms]
2023-12-15 18:15:44.753 [info] > git for-each-ref --format=%(refname)%00%(upstream:short)%00%(objectname)%00%(upstream:track)%00%(upstream:remotename)%00%(upstream:remoteref) refs/heads/feature/front-html refs/remotes/feature/front-html [1ms]
2023-12-15 18:15:44.765 [info] > git status -z -uall [3ms]
2023-12-15 18:15:49.782 [info] > git config --get commit.template [2ms]
2023-12-15 18:15:49.792 [info] > git for-each-ref --format=%(refname)%00%(upstream:short)%00%(objectname)%00%(upstream:track)%00%(upstream:remotename)%00%(upstream:remoteref) refs/heads/feature/front-html refs/remotes/feature/front-html [2ms]
2023-12-15 18:15:49.803 [info] > git status -z -uall [2ms]
2023-12-15 18:15:57.237 [info] > git config --get commit.template [2ms]
2023-12-15 18:15:57.251 [info] > git for-each-ref --format=%(refname)%00%(upstream:short)%00%(objectname)%00%(upstream:track)%00%(upstream:remotename)%00%(upstream:remoteref) refs/heads/feature/front-html refs/remotes/feature/front-html [3ms]
2023-12-15 18:15:57.261 [info] > git status -z -uall [2ms]
2023-12-15 18:16:02.295 [info] > git config --get commit.template [11ms]
2023-12-15 18:16:02.296 [info] > git for-each-ref --format=%(refname)%00%(upstream:short)%00%(objectname)%00%(upstream:track)%00%(upstream:remotename)%00%(upstream:remoteref) refs/heads/feature/front-html refs/remotes/feature/front-html [2ms]
2023-12-15 18:16:02.307 [info] > git status -z -uall [3ms]
2023-12-15 18:16:07.337 [info] > git config --get commit.template [12ms]
2023-12-15 18:16:07.338 [info] > git for-each-ref --format=%(refname)%00%(upstream:short)%00%(objectname)%00%(upstream:track)%00%(upstream:remotename)%00%(upstream:remoteref) refs/heads/feature/front-html refs/remotes/feature/front-html [2ms]
2023-12-15 18:16:07.348 [info] > git status -z -uall [2ms]
2023-12-15 18:16:27.856 [info] > git show --textconv :src/app.js [10ms]
2023-12-15 18:16:27.857 [info] > git ls-files --stage -- /home/by1094/testRepo/src/app.js [2ms]
2023-12-15 18:16:27.868 [info] > git cat-file -s 945a02a510396f734fdf48ad2329b3c71520d149 [3ms]
2023-12-15 18:16:58.339 [info] > git config --get commit.template [11ms]
2023-12-15 18:16:58.342 [info] > git for-each-ref --format=%(refname)%00%(upstream:short)%00%(objectname)%00%(upstream:track)%00%(upstream:remotename)%00%(upstream:remoteref) refs/heads/feature/front-html refs/remotes/feature/front-html [5ms]
2023-12-15 18:16:58.353 [info] > git status -z -uall [1ms]
2023-12-15 18:17:13.376 [info] > git config --get commit.template [2ms]
2023-12-15 18:17:13.386 [info] > git for-each-ref --format=%(refname)%00%(upstream:short)%00%(objectname)%00%(upstream:track)%00%(upstream:remotename)%00%(upstream:remoteref) refs/heads/feature/front-html refs/remotes/feature/front-html [2ms]
2023-12-15 18:17:13.395 [info] > git status -z -uall [2ms]
2023-12-15 18:17:32.075 [info] > git config --get commit.template [2ms]
2023-12-15 18:17:32.084 [info] > git for-each-ref --format=%(refname)%00%(upstream:short)%00%(objectname)%00%(upstream:track)%00%(upstream:remotename)%00%(upstream:remoteref) refs/heads/feature/front-html refs/remotes/feature/front-html [2ms]
2023-12-15 18:17:32.092 [info] > git status -z -uall [1ms]
2023-12-15 18:17:43.220 [info] > git config --get commit.template [10ms]
2023-12-15 18:17:43.222 [info] > git for-each-ref --format=%(refname)%00%(upstream:short)%00%(objectname)%00%(upstream:track)%00%(upstream:remotename)%00%(upstream:remoteref) refs/heads/feature/front-html refs/remotes/feature/front-html [5ms]
2023-12-15 18:17:43.230 [info] > git status -z -uall [2ms]
2023-12-15 18:17:50.966 [info] > git config --get commit.template [2ms]
2023-12-15 18:17:50.977 [info] > git for-each-ref --format=%(refname)%00%(upstream:short)%00%(objectname)%00%(upstream:track)%00%(upstream:remotename)%00%(upstream:remoteref) refs/heads/feature/front-html refs/remotes/feature/front-html [2ms]
2023-12-15 18:17:50.988 [info] > git status -z -uall [3ms]
2023-12-15 18:17:56.694 [info] > git config --get commit.template [1ms]
2023-12-15 18:17:56.701 [info] > git for-each-ref --format=%(refname)%00%(upstream:short)%00%(objectname)%00%(upstream:track)%00%(upstream:remotename)%00%(upstream:remoteref) refs/heads/feature/front-html refs/remotes/feature/front-html [1ms]
2023-12-15 18:17:56.711 [info] > git status -z -uall [3ms]
2023-12-15 18:18:01.732 [info] > git config --get commit.template [7ms]
2023-12-15 18:18:01.732 [info] > git for-each-ref --format=%(refname)%00%(upstream:short)%00%(objectname)%00%(upstream:track)%00%(upstream:remotename)%00%(upstream:remoteref) refs/heads/feature/front-html refs/remotes/feature/front-html [1ms]
2023-12-15 18:18:01.740 [info] > git status -z -uall [2ms]
2023-12-15 18:18:06.761 [info] > git config --get commit.template [7ms]
2023-12-15 18:18:06.762 [info] > git for-each-ref --format=%(refname)%00%(upstream:short)%00%(objectname)%00%(upstream:track)%00%(upstream:remotename)%00%(upstream:remoteref) refs/heads/feature/front-html refs/remotes/feature/front-html [2ms]
2023-12-15 18:18:06.769 [info] > git status -z -uall [1ms]
2023-12-15 18:18:11.783 [info] > git config --get commit.template [1ms]
2023-12-15 18:18:11.794 [info] > git for-each-ref --format=%(refname)%00%(upstream:short)%00%(objectname)%00%(upstream:track)%00%(upstream:remotename)%00%(upstream:remoteref) refs/heads/feature/front-html refs/remotes/feature/front-html [2ms]
2023-12-15 18:18:11.802 [info] > git status -z -uall [1ms]
2023-12-15 18:18:16.832 [info] > git config --get commit.template [12ms]
2023-12-15 18:18:16.832 [info] > git for-each-ref --format=%(refname)%00%(upstream:short)%00%(objectname)%00%(upstream:track)%00%(upstream:remotename)%00%(upstream:remoteref) refs/heads/feature/front-html refs/remotes/feature/front-html [3ms]
2023-12-15 18:18:16.843 [info] > git status -z -uall [2ms]
2023-12-15 18:18:21.880 [info] > git config --get commit.template [14ms]
2023-12-15 18:18:21.881 [info] > git for-each-ref --format=%(refname)%00%(upstream:short)%00%(objectname)%00%(upstream:track)%00%(upstream:remotename)%00%(upstream:remoteref) refs/heads/feature/front-html refs/remotes/feature/front-html [2ms]
2023-12-15 18:18:21.893 [info] > git status -z -uall [3ms]
2023-12-15 18:18:26.934 [info] > git config --get commit.template [2ms]
2023-12-15 18:18:26.945 [info] > git for-each-ref --format=%(refname)%00%(upstream:short)%00%(objectname)%00%(upstream:track)%00%(upstream:remotename)%00%(upstream:remoteref) refs/heads/feature/front-html refs/remotes/feature/front-html [2ms]
2023-12-15 18:18:26.958 [info] > git status -z -uall [3ms]
2023-12-15 18:19:51.749 [info] > git show --textconv :src/routers/index.js [15ms]
2023-12-15 18:19:51.751 [info] > git ls-files --stage -- /home/by1094/testRepo/src/routers/index.js [5ms]
2023-12-15 18:19:51.768 [info] > git cat-file -s da4928c01599b4f14c7296dd667a932c5a0b5810 [3ms]
2023-12-15 18:20:05.606 [info] > git show --textconv :src/app.js [30ms]
2023-12-15 18:20:05.613 [info] > git ls-files --stage -- /home/by1094/testRepo/src/app.js [18ms]
2023-12-15 18:20:05.635 [info] > git cat-file -s 945a02a510396f734fdf48ad2329b3c71520d149 [5ms]
2023-12-15 18:22:05.210 [info] > git config --get commit.template [19ms]
2023-12-15 18:22:05.213 [info] > git for-each-ref --format=%(refname)%00%(upstream:short)%00%(objectname)%00%(upstream:track)%00%(upstream:remotename)%00%(upstream:remoteref) refs/heads/feature/front-html refs/remotes/feature/front-html [5ms]
2023-12-15 18:22:05.231 [info] > git status -z -uall [3ms]
2023-12-15 18:22:10.348 [info] > git config --get commit.template [2ms]
2023-12-15 18:22:10.364 [info] > git for-each-ref --format=%(refname)%00%(upstream:short)%00%(objectname)%00%(upstream:track)%00%(upstream:remotename)%00%(upstream:remoteref) refs/heads/feature/front-html refs/remotes/feature/front-html [3ms]
2023-12-15 18:22:10.382 [info] > git status -z -uall [3ms]
2023-12-15 18:23:23.928 [info] > git config --get commit.template [1ms]
2023-12-15 18:23:23.945 [info] > git for-each-ref --format=%(refname)%00%(upstream:short)%00%(objectname)%00%(upstream:track)%00%(upstream:remotename)%00%(upstream:remoteref) refs/heads/feature/front-html refs/remotes/feature/front-html [3ms]
2023-12-15 18:23:23.962 [info] > git status -z -uall [3ms]
2023-12-15 18:24:03.415 [info] > git config --get commit.template [10ms]
2023-12-15 18:24:03.415 [info] > git for-each-ref --format=%(refname)%00%(upstream:short)%00%(objectname)%00%(upstream:track)%00%(upstream:remotename)%00%(upstream:remoteref) refs/heads/feature/front-html refs/remotes/feature/front-html [1ms]
2023-12-15 18:24:03.423 [info] > git status -z -uall [2ms]
2023-12-15 18:24:08.480 [info] > git config --get commit.template [19ms]
2023-12-15 18:24:08.485 [info] > git for-each-ref --format=%(refname)%00%(upstream:short)%00%(objectname)%00%(upstream:track)%00%(upstream:remotename)%00%(upstream:remoteref) refs/heads/feature/front-html refs/remotes/feature/front-html [8ms]
2023-12-15 18:24:08.506 [info] > git status -z -uall [6ms]
2023-12-15 18:24:28.303 [info] > git show --textconv :src/routers/index.js [17ms]
2023-12-15 18:24:28.305 [info] > git ls-files --stage -- /home/by1094/testRepo/src/routers/index.js [7ms]
2023-12-15 18:24:28.322 [info] > git cat-file -s da4928c01599b4f14c7296dd667a932c5a0b5810 [2ms]
2023-12-15 18:24:32.154 [info] > git show --textconv :src/public/main.ejs [11ms]
2023-12-15 18:24:32.156 [info] > git ls-files --stage -- /home/by1094/testRepo/src/public/main.ejs [4ms]
2023-12-15 18:24:35.361 [info] > git show --textconv :.env [17ms]
2023-12-15 18:24:35.362 [info] > git ls-files --stage -- /home/by1094/testRepo/.env [3ms]
2023-12-15 18:24:36.444 [info] > git show --textconv :src/app.js [22ms]
2023-12-15 18:24:36.448 [info] > git ls-files --stage -- /home/by1094/testRepo/src/app.js [8ms]
2023-12-15 18:24:36.462 [info] > git cat-file -s 945a02a510396f734fdf48ad2329b3c71520d149 [2ms]
2023-12-15 18:26:18.944 [info] > git show --textconv :src/routers/user.js [27ms]
2023-12-15 18:26:18.946 [info] > git ls-files --stage -- /home/by1094/testRepo/src/routers/user.js [13ms]
2023-12-15 18:26:18.962 [info] > git cat-file -s df956a442b3b1da62db45e8419ae1cbe517fb918 [3ms]
2023-12-15 18:26:22.689 [info] > git show --textconv :src/app.js [11ms]
2023-12-15 18:26:22.690 [info] > git ls-files --stage -- /home/by1094/testRepo/src/app.js [2ms]
2023-12-15 18:26:22.698 [info] > git cat-file -s 945a02a510396f734fdf48ad2329b3c71520d149 [1ms]
2023-12-15 18:26:26.698 [info] > git show --textconv :.env [9ms]
2023-12-15 18:26:26.699 [info] > git ls-files --stage -- /home/by1094/testRepo/.env [2ms]
2023-12-15 18:26:28.200 [info] > git show --textconv :src/app.js [10ms]
2023-12-15 18:26:28.201 [info] > git ls-files --stage -- /home/by1094/testRepo/src/app.js [2ms]
2023-12-15 18:26:28.209 [info] > git cat-file -s 945a02a510396f734fdf48ad2329b3c71520d149 [1ms]
2023-12-15 18:26:30.473 [info] > git show --textconv HEAD:src/routers/user.js [8ms]
2023-12-15 18:26:30.475 [info] > git ls-tree -l HEAD -- /home/by1094/testRepo/src/routers/user.js [2ms]
2023-12-15 18:26:31.354 [info] > git show --textconv :src/app.js [8ms]
2023-12-15 18:26:31.355 [info] > git ls-files --stage -- /home/by1094/testRepo/src/app.js [2ms]
2023-12-15 18:26:31.362 [info] > git cat-file -s 945a02a510396f734fdf48ad2329b3c71520d149 [1ms]
2023-12-15 18:26:31.847 [info] > git ls-tree -l HEAD -- /home/by1094/testRepo/src/app.js [2ms]
2023-12-15 18:26:33.534 [info] > git show --textconv :src/app.js [8ms]
2023-12-15 18:26:33.536 [info] > git ls-files --stage -- /home/by1094/testRepo/src/app.js [3ms]
2023-12-15 18:26:33.545 [info] > git cat-file -s 945a02a510396f734fdf48ad2329b3c71520d149 [1ms]
2023-12-15 18:26:34.988 [info] > git show --textconv :src/public/main.ejs [10ms]
2023-12-15 18:26:34.989 [info] > git ls-files --stage -- /home/by1094/testRepo/src/public/main.ejs [4ms]
2023-12-15 18:26:40.792 [info] > git show --textconv :src/app.js [8ms]
2023-12-15 18:26:40.793 [info] > git ls-files --stage -- /home/by1094/testRepo/src/app.js [2ms]
2023-12-15 18:26:40.803 [info] > git cat-file -s 945a02a510396f734fdf48ad2329b3c71520d149 [3ms]
2023-12-15 18:26:49.882 [info] > git config --get commit.template [13ms]
2023-12-15 18:26:49.883 [info] > git for-each-ref --format=%(refname)%00%(upstream:short)%00%(objectname)%00%(upstream:track)%00%(upstream:remotename)%00%(upstream:remoteref) refs/heads/feature/front-html refs/remotes/feature/front-html [3ms]
2023-12-15 18:26:49.894 [info] > git status -z -uall [2ms]
2023-12-15 18:32:17.008 [info] > git show --textconv :src/routers/index.js [20ms]
2023-12-15 18:32:17.009 [info] > git ls-files --stage -- /home/by1094/testRepo/src/routers/index.js [4ms]
2023-12-15 18:32:17.031 [info] > git cat-file -s da4928c01599b4f14c7296dd667a932c5a0b5810 [4ms]
2023-12-15 18:32:48.714 [info] > git config --get commit.template [1ms]
2023-12-15 18:32:48.727 [info] > git for-each-ref --format=%(refname)%00%(upstream:short)%00%(objectname)%00%(upstream:track)%00%(upstream:remotename)%00%(upstream:remoteref) refs/heads/feature/front-html refs/remotes/feature/front-html [3ms]
2023-12-15 18:32:48.739 [info] > git status -z -uall [2ms]
2023-12-15 18:32:53.791 [info] > git config --get commit.template [9ms]
2023-12-15 18:32:53.824 [info] > git for-each-ref --format=%(refname)%00%(upstream:short)%00%(objectname)%00%(upstream:track)%00%(upstream:remotename)%00%(upstream:remoteref) refs/heads/feature/front-html refs/remotes/feature/front-html [12ms]
2023-12-15 18:32:53.853 [info] > git status -z -uall [6ms]
2023-12-15 18:32:58.886 [info] > git config --get commit.template [2ms]
2023-12-15 18:32:58.905 [info] > git for-each-ref --format=%(refname)%00%(upstream:short)%00%(objectname)%00%(upstream:track)%00%(upstream:remotename)%00%(upstream:remoteref) refs/heads/feature/front-html refs/remotes/feature/front-html [3ms]
2023-12-15 18:32:58.928 [info] > git status -z -uall [3ms]
2023-12-15 18:33:14.906 [info] > git config --get commit.template [16ms]
2023-12-15 18:33:14.908 [info] > git for-each-ref --format=%(refname)%00%(upstream:short)%00%(objectname)%00%(upstream:track)%00%(upstream:remotename)%00%(upstream:remoteref) refs/heads/feature/front-html refs/remotes/feature/front-html [4ms]
2023-12-15 18:33:14.933 [info] > git status -z -uall [3ms]
2023-12-15 18:33:19.970 [info] > git config --get commit.template [3ms]
2023-12-15 18:33:19.983 [info] > git for-each-ref --format=%(refname)%00%(upstream:short)%00%(objectname)%00%(upstream:track)%00%(upstream:remotename)%00%(upstream:remoteref) refs/heads/feature/front-html refs/remotes/feature/front-html [2ms]
2023-12-15 18:33:19.997 [info] > git status -z -uall [3ms]
2023-12-15 18:33:25.036 [info] > git config --get commit.template [2ms]
2023-12-15 18:33:25.053 [info] > git for-each-ref --format=%(refname)%00%(upstream:short)%00%(objectname)%00%(upstream:track)%00%(upstream:remotename)%00%(upstream:remoteref) refs/heads/feature/front-html refs/remotes/feature/front-html [3ms]
2023-12-15 18:33:25.067 [info] > git status -z -uall [2ms]
2023-12-15 18:33:30.111 [info] > git config --get commit.template [11ms]
2023-12-15 18:33:30.112 [info] > git for-each-ref --format=%(refname)%00%(upstream:short)%00%(objectname)%00%(upstream:track)%00%(upstream:remotename)%00%(upstream:remoteref) refs/heads/feature/front-html refs/remotes/feature/front-html [2ms]
2023-12-15 18:33:30.123 [info] > git status -z -uall [2ms]
2023-12-15 18:33:35.177 [info] > git config --get commit.template [19ms]
2023-12-15 18:33:35.179 [info] > git for-each-ref --format=%(refname)%00%(upstream:short)%00%(objectname)%00%(upstream:track)%00%(upstream:remotename)%00%(upstream:remoteref) refs/heads/feature/front-html refs/remotes/feature/front-html [4ms]
2023-12-15 18:33:35.200 [info] > git status -z -uall [3ms]
2023-12-15 18:42:31.854 [info] > git config --get commit.template [3ms]
2023-12-15 18:42:31.876 [info] > git for-each-ref --format=%(refname)%00%(upstream:short)%00%(objectname)%00%(upstream:track)%00%(upstream:remotename)%00%(upstream:remoteref) refs/heads/feature/front-html refs/remotes/feature/front-html [6ms]
2023-12-15 18:42:31.897 [info] > git status -z -uall [4ms]
2023-12-15 18:42:36.927 [info] > git config --get commit.template [3ms]
2023-12-15 18:42:36.946 [info] > git for-each-ref --format=%(refname)%00%(upstream:short)%00%(objectname)%00%(upstream:track)%00%(upstream:remotename)%00%(upstream:remoteref) refs/heads/feature/front-html refs/remotes/feature/front-html [3ms]
2023-12-15 18:42:36.962 [info] > git status -z -uall [3ms]
2023-12-15 18:42:42.008 [info] > git config --get commit.template [18ms]
2023-12-15 18:42:42.009 [info] > git for-each-ref --format=%(refname)%00%(upstream:short)%00%(objectname)%00%(upstream:track)%00%(upstream:remotename)%00%(upstream:remoteref) refs/heads/feature/front-html refs/remotes/feature/front-html [5ms]
2023-12-15 18:42:42.026 [info] > git status -z -uall [4ms]
2023-12-15 18:42:47.058 [info] > git config --get commit.template [2ms]
2023-12-15 18:42:47.077 [info] > git for-each-ref --format=%(refname)%00%(upstream:short)%00%(objectname)%00%(upstream:track)%00%(upstream:remotename)%00%(upstream:remoteref) refs/heads/feature/front-html refs/remotes/feature/front-html [3ms]
2023-12-15 18:42:47.098 [info] > git status -z -uall [6ms]
2023-12-15 18:42:52.132 [info] > git config --get commit.template [2ms]
2023-12-15 18:42:52.149 [info] > git for-each-ref --format=%(refname)%00%(upstream:short)%00%(objectname)%00%(upstream:track)%00%(upstream:remotename)%00%(upstream:remoteref) refs/heads/feature/front-html refs/remotes/feature/front-html [2ms]
2023-12-15 18:42:52.164 [info] > git status -z -uall [3ms]
2023-12-15 18:42:58.371 [info] > git show --textconv :src/app.js [14ms]
2023-12-15 18:42:58.373 [info] > git ls-files --stage -- /home/by1094/testRepo/src/app.js [3ms]
2023-12-15 18:42:58.385 [info] > git cat-file -s 945a02a510396f734fdf48ad2329b3c71520d149 [2ms]
2023-12-15 18:43:12.074 [info] > git show --textconv :package.json [10ms]
2023-12-15 18:43:12.074 [info] > git ls-files --stage -- /home/by1094/testRepo/package.json [2ms]
2023-12-15 18:43:12.086 [info] > git cat-file -s 75589783d3e3dcd6dbc3ad78123af8115caa7645 [4ms]
2023-12-15 18:43:31.122 [info] > git show --textconv :src/app.js [35ms]
2023-12-15 18:43:31.123 [info] > git ls-files --stage -- /home/by1094/testRepo/src/app.js [9ms]
2023-12-15 18:43:31.146 [info] > git cat-file -s 945a02a510396f734fdf48ad2329b3c71520d149 [9ms]
2023-12-15 18:45:09.820 [info] > git show --textconv :src/routers/user.js [10ms]
2023-12-15 18:45:09.821 [info] > git ls-files --stage -- /home/by1094/testRepo/src/routers/user.js [2ms]
2023-12-15 18:45:09.833 [info] > git cat-file -s df956a442b3b1da62db45e8419ae1cbe517fb918 [2ms]
2023-12-15 18:45:12.366 [info] > git show --textconv :src/routers/index.js [13ms]
2023-12-15 18:45:12.369 [info] > git ls-files --stage -- /home/by1094/testRepo/src/routers/index.js [3ms]
2023-12-15 18:45:12.385 [info] > git cat-file -s da4928c01599b4f14c7296dd667a932c5a0b5810 [1ms]
2023-12-15 18:45:37.444 [info] > git config --get commit.template [18ms]
2023-12-15 18:45:37.449 [info] > git for-each-ref --format=%(refname)%00%(upstream:short)%00%(objectname)%00%(upstream:track)%00%(upstream:remotename)%00%(upstream:remoteref) refs/heads/feature/front-html refs/remotes/feature/front-html [7ms]
2023-12-15 18:45:37.467 [info] > git status -z -uall [3ms]
2023-12-15 18:45:42.508 [info] > git config --get commit.template [5ms]
2023-12-15 18:45:42.529 [info] > git for-each-ref --format=%(refname)%00%(upstream:short)%00%(objectname)%00%(upstream:track)%00%(upstream:remotename)%00%(upstream:remoteref) refs/heads/feature/front-html refs/remotes/feature/front-html [3ms]
2023-12-15 18:45:42.553 [info] > git status -z -uall [3ms]
2023-12-15 18:45:47.612 [info] > git config --get commit.template [23ms]
2023-12-15 18:45:47.617 [info] > git for-each-ref --format=%(refname)%00%(upstream:short)%00%(objectname)%00%(upstream:track)%00%(upstream:remotename)%00%(upstream:remoteref) refs/heads/feature/front-html refs/remotes/feature/front-html [8ms]
2023-12-15 18:45:47.639 [info] > git status -z -uall [3ms]
2023-12-15 18:45:52.682 [info] > git config --get commit.template [14ms]
2023-12-15 18:45:52.684 [info] > git for-each-ref --format=%(refname)%00%(upstream:short)%00%(objectname)%00%(upstream:track)%00%(upstream:remotename)%00%(upstream:remoteref) refs/heads/feature/front-html refs/remotes/feature/front-html [2ms]
2023-12-15 18:45:52.696 [info] > git status -z -uall [2ms]
2023-12-15 18:46:34.048 [info] > git show --textconv :src/app.js [17ms]
2023-12-15 18:46:34.057 [info] > git ls-files --stage -- /home/by1094/testRepo/src/app.js [12ms]
2023-12-15 18:46:34.070 [info] > git cat-file -s 945a02a510396f734fdf48ad2329b3c71520d149 [2ms]
2023-12-15 18:46:41.196 [info] > git show --textconv :.env [26ms]
2023-12-15 18:46:41.201 [info] > git ls-files --stage -- /home/by1094/testRepo/.env [8ms]
2023-12-15 18:47:08.052 [info] > git show --textconv :src/routers/index.js [41ms]
2023-12-15 18:47:08.061 [info] > git ls-files --stage -- /home/by1094/testRepo/src/routers/index.js [22ms]
2023-12-15 18:47:08.088 [info] > git cat-file -s da4928c01599b4f14c7296dd667a932c5a0b5810 [5ms]
2023-12-15 18:47:21.572 [info] > git config --get commit.template [2ms]
2023-12-15 18:47:21.586 [info] > git for-each-ref --format=%(refname)%00%(upstream:short)%00%(objectname)%00%(upstream:track)%00%(upstream:remotename)%00%(upstream:remoteref) refs/heads/feature/front-html refs/remotes/feature/front-html [2ms]
2023-12-15 18:47:21.599 [info] > git status -z -uall [2ms]
2023-12-15 18:47:26.644 [info] > git config --get commit.template [3ms]
2023-12-15 18:47:26.670 [info] > git for-each-ref --format=%(refname)%00%(upstream:short)%00%(objectname)%00%(upstream:track)%00%(upstream:remotename)%00%(upstream:remoteref) refs/heads/feature/front-html refs/remotes/feature/front-html [4ms]
2023-12-15 18:47:26.692 [info] > git status -z -uall [3ms]
2023-12-15 18:47:30.500 [info] > git show --textconv :src/app.js [10ms]
2023-12-15 18:47:30.500 [info] > git ls-files --stage -- /home/by1094/testRepo/src/app.js [2ms]
2023-12-15 18:47:30.509 [info] > git cat-file -s 945a02a510396f734fdf48ad2329b3c71520d149 [2ms]
2023-12-15 18:47:35.632 [info] > git show --textconv :package.json [25ms]
2023-12-15 18:47:35.633 [info] > git ls-files --stage -- /home/by1094/testRepo/package.json [10ms]
2023-12-15 18:47:35.654 [info] > git cat-file -s 75589783d3e3dcd6dbc3ad78123af8115caa7645 [5ms]
2023-12-15 18:47:40.558 [info] > git show --textconv :src/app.js [14ms]
2023-12-15 18:47:40.559 [info] > git ls-files --stage -- /home/by1094/testRepo/src/app.js [3ms]
2023-12-15 18:47:40.573 [info] > git cat-file -s 945a02a510396f734fdf48ad2329b3c71520d149 [2ms]
2023-12-15 18:48:12.992 [info] > git config --get commit.template [20ms]
2023-12-15 18:48:12.993 [info] > git for-each-ref --format=%(refname)%00%(upstream:short)%00%(objectname)%00%(upstream:track)%00%(upstream:remotename)%00%(upstream:remoteref) refs/heads/feature/front-html refs/remotes/feature/front-html [4ms]
2023-12-15 18:48:13.013 [info] > git status -z -uall [2ms]
2023-12-15 18:48:19.232 [info] > git show --textconv :package.json [9ms]
2023-12-15 18:48:19.232 [info] > git ls-files --stage -- /home/by1094/testRepo/package.json [1ms]
2023-12-15 18:48:19.246 [info] > git cat-file -s 75589783d3e3dcd6dbc3ad78123af8115caa7645 [6ms]
2023-12-15 18:49:33.484 [info] > git show --textconv :src/app.js [12ms]
2023-12-15 18:49:33.486 [info] > git ls-files --stage -- /home/by1094/testRepo/src/app.js [4ms]
2023-12-15 18:49:33.502 [info] > git cat-file -s 945a02a510396f734fdf48ad2329b3c71520d149 [4ms]
2023-12-15 18:49:38.250 [info] > git config --get commit.template [2ms]
2023-12-15 18:49:38.267 [info] > git for-each-ref --format=%(refname)%00%(upstream:short)%00%(objectname)%00%(upstream:track)%00%(upstream:remotename)%00%(upstream:remoteref) refs/heads/feature/front-html refs/remotes/feature/front-html [1ms]
2023-12-15 18:49:38.280 [info] > git status -z -uall [2ms]
2023-12-15 18:49:43.322 [info] > git config --get commit.template [3ms]
2023-12-15 18:49:43.343 [info] > git for-each-ref --format=%(refname)%00%(upstream:short)%00%(objectname)%00%(upstream:track)%00%(upstream:remotename)%00%(upstream:remoteref) refs/heads/feature/front-html refs/remotes/feature/front-html [2ms]
2023-12-15 18:49:43.365 [info] > git status -z -uall [3ms]
2023-12-15 18:49:48.419 [info] > git config --get commit.template [22ms]
2023-12-15 18:49:48.419 [info] > git for-each-ref --format=%(refname)%00%(upstream:short)%00%(objectname)%00%(upstream:track)%00%(upstream:remotename)%00%(upstream:remoteref) refs/heads/feature/front-html refs/remotes/feature/front-html [2ms]
2023-12-15 18:49:48.438 [info] > git status -z -uall [3ms]
2023-12-15 18:50:05.435 [info] > git show --textconv :src/routers/index.js [28ms]
2023-12-15 18:50:05.436 [info] > git ls-files --stage -- /home/by1094/testRepo/src/routers/index.js [4ms]
2023-12-15 18:50:05.462 [info] > git cat-file -s da4928c01599b4f14c7296dd667a932c5a0b5810 [6ms]
2023-12-15 18:50:29.478 [info] > git config --get commit.template [15ms]
2023-12-15 18:50:29.479 [info] > git for-each-ref --format=%(refname)%00%(upstream:short)%00%(objectname)%00%(upstream:track)%00%(upstream:remotename)%00%(upstream:remoteref) refs/heads/feature/front-html refs/remotes/feature/front-html [3ms]
2023-12-15 18:50:29.494 [info] > git status -z -uall [3ms]
2023-12-15 18:50:56.666 [info] > git config --get commit.template [6ms]
2023-12-15 18:50:56.694 [info] > git for-each-ref --format=%(refname)%00%(upstream:short)%00%(objectname)%00%(upstream:track)%00%(upstream:remotename)%00%(upstream:remoteref) refs/heads/feature/front-html refs/remotes/feature/front-html [3ms]
2023-12-15 18:50:56.719 [info] > git status -z -uall [3ms]
2023-12-15 18:52:46.042 [info] > git config --get commit.template [1ms]
2023-12-15 18:52:46.053 [info] > git for-each-ref --format=%(refname)%00%(upstream:short)%00%(objectname)%00%(upstream:track)%00%(upstream:remotename)%00%(upstream:remoteref) refs/heads/feature/front-html refs/remotes/feature/front-html [2ms]
2023-12-15 18:52:46.063 [info] > git status -z -uall [1ms]
2023-12-15 18:52:51.079 [info] > git config --get commit.template [0ms]
2023-12-15 18:52:51.088 [info] > git for-each-ref --format=%(refname)%00%(upstream:short)%00%(objectname)%00%(upstream:track)%00%(upstream:remotename)%00%(upstream:remoteref) refs/heads/feature/front-html refs/remotes/feature/front-html [1ms]
2023-12-15 18:52:51.099 [info] > git status -z -uall [1ms]
2023-12-15 18:52:56.128 [info] > git config --get commit.template [2ms]
2023-12-15 18:52:56.142 [info] > git for-each-ref --format=%(refname)%00%(upstream:short)%00%(objectname)%00%(upstream:track)%00%(upstream:remotename)%00%(upstream:remoteref) refs/heads/feature/front-html refs/remotes/feature/front-html [2ms]
2023-12-15 18:52:56.159 [info] > git status -z -uall [3ms]
2023-12-15 18:53:01.182 [info] > git config --get commit.template [1ms]
2023-12-15 18:53:01.197 [info] > git for-each-ref --format=%(refname)%00%(upstream:short)%00%(objectname)%00%(upstream:track)%00%(upstream:remotename)%00%(upstream:remoteref) refs/heads/feature/front-html refs/remotes/feature/front-html [2ms]
2023-12-15 18:53:01.215 [info] > git status -z -uall [3ms]
2023-12-15 18:53:06.436 [info] > git config --get commit.template [1ms]
2023-12-15 18:53:06.448 [info] > git for-each-ref --format=%(refname)%00%(upstream:short)%00%(objectname)%00%(upstream:track)%00%(upstream:remotename)%00%(upstream:remoteref) refs/heads/feature/front-html refs/remotes/feature/front-html [2ms]
2023-12-15 18:53:06.457 [info] > git status -z -uall [2ms]
2023-12-15 18:53:11.920 [info] > git config --get commit.template [2ms]
2023-12-15 18:53:11.937 [info] > git for-each-ref --format=%(refname)%00%(upstream:short)%00%(objectname)%00%(upstream:track)%00%(upstream:remotename)%00%(upstream:remoteref) refs/heads/feature/front-html refs/remotes/feature/front-html [3ms]
2023-12-15 18:53:11.954 [info] > git status -z -uall [3ms]
2023-12-15 18:53:17.003 [info] > git config --get commit.template [3ms]
2023-12-15 18:53:17.026 [info] > git for-each-ref --format=%(refname)%00%(upstream:short)%00%(objectname)%00%(upstream:track)%00%(upstream:remotename)%00%(upstream:remoteref) refs/heads/feature/front-html refs/remotes/feature/front-html [3ms]
2023-12-15 18:53:17.046 [info] > git status -z -uall [3ms]
2023-12-15 18:53:43.525 [info] > git config --get commit.template [19ms]
2023-12-15 18:53:43.527 [info] > git for-each-ref --format=%(refname)%00%(upstream:short)%00%(objectname)%00%(upstream:track)%00%(upstream:remotename)%00%(upstream:remoteref) refs/heads/feature/front-html refs/remotes/feature/front-html [2ms]
2023-12-15 18:53:43.545 [info] > git status -z -uall [3ms]
2023-12-15 18:54:10.246 [info] > git config --get commit.template [8ms]
2023-12-15 18:54:10.272 [info] > git for-each-ref --format=%(refname)%00%(upstream:short)%00%(objectname)%00%(upstream:track)%00%(upstream:remotename)%00%(upstream:remoteref) refs/heads/feature/front-html refs/remotes/feature/front-html [3ms]
2023-12-15 18:54:10.293 [info] > git status -z -uall [3ms]
2023-12-15 18:54:17.774 [info] > git config --get commit.template [3ms]
2023-12-15 18:54:17.791 [info] > git for-each-ref --format=%(refname)%00%(upstream:short)%00%(objectname)%00%(upstream:track)%00%(upstream:remotename)%00%(upstream:remoteref) refs/heads/feature/front-html refs/remotes/feature/front-html [3ms]
2023-12-15 18:54:17.805 [info] > git status -z -uall [2ms]
2023-12-15 18:54:27.446 [info] > git config --get commit.template [6ms]
2023-12-15 18:54:27.459 [info] > git for-each-ref --format=%(refname)%00%(upstream:short)%00%(objectname)%00%(upstream:track)%00%(upstream:remotename)%00%(upstream:remoteref) refs/heads/feature/front-html refs/remotes/feature/front-html [2ms]
2023-12-15 18:54:27.473 [info] > git status -z -uall [2ms]
2023-12-15 18:54:32.502 [info] > git config --get commit.template [2ms]
2023-12-15 18:54:32.517 [info] > git for-each-ref --format=%(refname)%00%(upstream:short)%00%(objectname)%00%(upstream:track)%00%(upstream:remotename)%00%(upstream:remoteref) refs/heads/feature/front-html refs/remotes/feature/front-html [2ms]
2023-12-15 18:54:32.543 [info] > git status -z -uall [13ms]
2023-12-15 18:54:41.256 [info] > git config --get commit.template [2ms]
2023-12-15 18:54:41.273 [info] > git for-each-ref --format=%(refname)%00%(upstream:short)%00%(objectname)%00%(upstream:track)%00%(upstream:remotename)%00%(upstream:remoteref) refs/heads/feature/front-html refs/remotes/feature/front-html [2ms]
2023-12-15 18:54:41.289 [info] > git status -z -uall [2ms]
2023-12-15 18:54:48.098 [info] > git config --get commit.template [9ms]
2023-12-15 18:54:48.099 [info] > git for-each-ref --format=%(refname)%00%(upstream:short)%00%(objectname)%00%(upstream:track)%00%(upstream:remotename)%00%(upstream:remoteref) refs/heads/feature/front-html refs/remotes/feature/front-html [2ms]
2023-12-15 18:54:48.108 [info] > git status -z -uall [1ms]
2023-12-15 18:54:53.159 [info] > git config --get commit.template [2ms]
2023-12-15 18:54:53.172 [info] > git for-each-ref --format=%(refname)%00%(upstream:short)%00%(objectname)%00%(upstream:track)%00%(upstream:remotename)%00%(upstream:remoteref) refs/heads/feature/front-html refs/remotes/feature/front-html [2ms]
2023-12-15 18:54:53.186 [info] > git status -z -uall [2ms]
2023-12-15 18:54:59.953 [info] > git config --get commit.template [2ms]
2023-12-15 18:54:59.967 [info] > git for-each-ref --format=%(refname)%00%(upstream:short)%00%(objectname)%00%(upstream:track)%00%(upstream:remotename)%00%(upstream:remoteref) refs/heads/feature/front-html refs/remotes/feature/front-html [2ms]
2023-12-15 18:54:59.989 [info] > git status -z -uall [6ms]
2023-12-15 18:55:05.020 [info] > git config --get commit.template [11ms]
2023-12-15 18:55:05.020 [info] > git for-each-ref --format=%(refname)%00%(upstream:short)%00%(objectname)%00%(upstream:track)%00%(upstream:remotename)%00%(upstream:remoteref) refs/heads/feature/front-html refs/remotes/feature/front-html [1ms]
2023-12-15 18:55:05.031 [info] > git status -z -uall [2ms]
2023-12-15 18:56:24.832 [info] > git config --get commit.template [12ms]
2023-12-15 18:56:24.833 [info] > git for-each-ref --format=%(refname)%00%(upstream:short)%00%(objectname)%00%(upstream:track)%00%(upstream:remotename)%00%(upstream:remoteref) refs/heads/feature/front-html refs/remotes/feature/front-html [2ms]
2023-12-15 18:56:24.847 [info] > git status -z -uall [2ms]
2023-12-15 18:56:29.880 [info] > git config --get commit.template [16ms]
2023-12-15 18:56:29.882 [info] > git for-each-ref --format=%(refname)%00%(upstream:short)%00%(objectname)%00%(upstream:track)%00%(upstream:remotename)%00%(upstream:remoteref) refs/heads/feature/front-html refs/remotes/feature/front-html [2ms]
2023-12-15 18:56:29.897 [info] > git status -z -uall [2ms]
2023-12-15 18:56:36.514 [info] > git config --get commit.template [2ms]
2023-12-15 18:56:36.531 [info] > git for-each-ref --format=%(refname)%00%(upstream:short)%00%(objectname)%00%(upstream:track)%00%(upstream:remotename)%00%(upstream:remoteref) refs/heads/feature/front-html refs/remotes/feature/front-html [3ms]
2023-12-15 18:56:36.549 [info] > git status -z -uall [2ms]
2023-12-15 18:56:43.532 [info] > git config --get commit.template [15ms]
2023-12-15 18:56:43.533 [info] > git for-each-ref --format=%(refname)%00%(upstream:short)%00%(objectname)%00%(upstream:track)%00%(upstream:remotename)%00%(upstream:remoteref) refs/heads/feature/front-html refs/remotes/feature/front-html [3ms]
2023-12-15 18:56:43.548 [info] > git status -z -uall [3ms]
2023-12-15 18:56:48.566 [info] > git config --get commit.template [1ms]
2023-12-15 18:56:48.579 [info] > git for-each-ref --format=%(refname)%00%(upstream:short)%00%(objectname)%00%(upstream:track)%00%(upstream:remotename)%00%(upstream:remoteref) refs/heads/feature/front-html refs/remotes/feature/front-html [2ms]
2023-12-15 18:56:48.591 [info] > git status -z -uall [1ms]
2023-12-15 18:56:53.610 [info] > git config --get commit.template [2ms]
2023-12-15 18:56:53.624 [info] > git for-each-ref --format=%(refname)%00%(upstream:short)%00%(objectname)%00%(upstream:track)%00%(upstream:remotename)%00%(upstream:remoteref) refs/heads/feature/front-html refs/remotes/feature/front-html [1ms]
2023-12-15 18:56:53.639 [info] > git status -z -uall [2ms]
2023-12-15 18:56:58.673 [info] > git config --get commit.template [4ms]
2023-12-15 18:56:58.707 [info] > git for-each-ref --format=%(refname)%00%(upstream:short)%00%(objectname)%00%(upstream:track)%00%(upstream:remotename)%00%(upstream:remoteref) refs/heads/feature/front-html refs/remotes/feature/front-html [3ms]
2023-12-15 18:56:58.737 [info] > git status -z -uall [11ms]
2023-12-15 18:57:03.769 [info] > git config --get commit.template [4ms]
2023-12-15 18:57:03.786 [info] > git for-each-ref --format=%(refname)%00%(upstream:short)%00%(objectname)%00%(upstream:track)%00%(upstream:remotename)%00%(upstream:remoteref) refs/heads/feature/front-html refs/remotes/feature/front-html [2ms]
2023-12-15 18:57:03.800 [info] > git status -z -uall [3ms]
2023-12-15 18:57:08.820 [info] > git config --get commit.template [2ms]
2023-12-15 18:57:08.833 [info] > git for-each-ref --format=%(refname)%00%(upstream:short)%00%(objectname)%00%(upstream:track)%00%(upstream:remotename)%00%(upstream:remoteref) refs/heads/feature/front-html refs/remotes/feature/front-html [1ms]
2023-12-15 18:57:08.845 [info] > git status -z -uall [2ms]
2023-12-15 18:57:13.869 [info] > git config --get commit.template [4ms]
2023-12-15 18:57:13.884 [info] > git for-each-ref --format=%(refname)%00%(upstream:short)%00%(objectname)%00%(upstream:track)%00%(upstream:remotename)%00%(upstream:remoteref) refs/heads/feature/front-html refs/remotes/feature/front-html [2ms]
2023-12-15 18:57:13.896 [info] > git status -z -uall [1ms]
2023-12-15 18:57:55.574 [info] > git show --textconv :src/public/main.ejs [9ms]
2023-12-15 18:57:55.575 [info] > git ls-files --stage -- /home/by1094/testRepo/src/public/main.ejs [2ms]
2023-12-15 18:58:20.294 [info] > git config --get commit.template [36ms]
2023-12-15 18:58:20.297 [info] > git for-each-ref --format=%(refname)%00%(upstream:short)%00%(objectname)%00%(upstream:track)%00%(upstream:remotename)%00%(upstream:remoteref) refs/heads/feature/front-html refs/remotes/feature/front-html [17ms]
2023-12-15 18:58:20.314 [info] > git status -z -uall [2ms]
2023-12-15 18:58:25.352 [info] > git config --get commit.template [16ms]
2023-12-15 18:58:25.352 [info] > git for-each-ref --format=%(refname)%00%(upstream:short)%00%(objectname)%00%(upstream:track)%00%(upstream:remotename)%00%(upstream:remoteref) refs/heads/feature/front-html refs/remotes/feature/front-html [3ms]
2023-12-15 18:58:25.368 [info] > git status -z -uall [2ms]
2023-12-15 18:58:30.409 [info] > git config --get commit.template [18ms]
2023-12-15 18:58:30.411 [info] > git for-each-ref --format=%(refname)%00%(upstream:short)%00%(objectname)%00%(upstream:track)%00%(upstream:remotename)%00%(upstream:remoteref) refs/heads/feature/front-html refs/remotes/feature/front-html [3ms]
2023-12-15 18:58:30.425 [info] > git status -z -uall [2ms]
2023-12-15 18:58:35.457 [info] > git config --get commit.template [12ms]
2023-12-15 18:58:35.458 [info] > git for-each-ref --format=%(refname)%00%(upstream:short)%00%(objectname)%00%(upstream:track)%00%(upstream:remotename)%00%(upstream:remoteref) refs/heads/feature/front-html refs/remotes/feature/front-html [2ms]
2023-12-15 18:58:35.472 [info] > git status -z -uall [3ms]
2023-12-15 18:58:40.506 [info] > git config --get commit.template [17ms]
2023-12-15 18:58:40.507 [info] > git for-each-ref --format=%(refname)%00%(upstream:short)%00%(objectname)%00%(upstream:track)%00%(upstream:remotename)%00%(upstream:remoteref) refs/heads/feature/front-html refs/remotes/feature/front-html [3ms]
2023-12-15 18:58:40.527 [info] > git status -z -uall [3ms]
2023-12-15 18:58:45.551 [info] > git config --get commit.template [2ms]
2023-12-15 18:58:45.564 [info] > git for-each-ref --format=%(refname)%00%(upstream:short)%00%(objectname)%00%(upstream:track)%00%(upstream:remotename)%00%(upstream:remoteref) refs/heads/feature/front-html refs/remotes/feature/front-html [2ms]
2023-12-15 18:58:45.577 [info] > git status -z -uall [2ms]
2023-12-15 18:58:50.628 [info] > git config --get commit.template [22ms]
2023-12-15 18:58:50.630 [info] > git for-each-ref --format=%(refname)%00%(upstream:short)%00%(objectname)%00%(upstream:track)%00%(upstream:remotename)%00%(upstream:remoteref) refs/heads/feature/front-html refs/remotes/feature/front-html [3ms]
2023-12-15 18:58:50.649 [info] > git status -z -uall [4ms]
2023-12-15 18:58:56.345 [info] > git config --get commit.template [12ms]
2023-12-15 18:58:56.346 [info] > git for-each-ref --format=%(refname)%00%(upstream:short)%00%(objectname)%00%(upstream:track)%00%(upstream:remotename)%00%(upstream:remoteref) refs/heads/feature/front-html refs/remotes/feature/front-html [2ms]
2023-12-15 18:58:56.360 [info] > git status -z -uall [3ms]
2023-12-15 18:59:01.391 [info] > git config --get commit.template [2ms]
2023-12-15 18:59:01.412 [info] > git for-each-ref --format=%(refname)%00%(upstream:short)%00%(objectname)%00%(upstream:track)%00%(upstream:remotename)%00%(upstream:remoteref) refs/heads/feature/front-html refs/remotes/feature/front-html [3ms]
2023-12-15 18:59:01.432 [info] > git status -z -uall [7ms]
2023-12-15 18:59:06.453 [info] > git config --get commit.template [1ms]
2023-12-15 18:59:06.467 [info] > git for-each-ref --format=%(refname)%00%(upstream:short)%00%(objectname)%00%(upstream:track)%00%(upstream:remotename)%00%(upstream:remoteref) refs/heads/feature/front-html refs/remotes/feature/front-html [1ms]
2023-12-15 18:59:06.479 [info] > git status -z -uall [3ms]
2023-12-15 18:59:12.475 [info] > git config --get commit.template [4ms]
2023-12-15 18:59:12.493 [info] > git for-each-ref --format=%(refname)%00%(upstream:short)%00%(objectname)%00%(upstream:track)%00%(upstream:remotename)%00%(upstream:remoteref) refs/heads/feature/front-html refs/remotes/feature/front-html [1ms]
2023-12-15 18:59:12.504 [info] > git status -z -uall [2ms]
2023-12-15 18:59:22.457 [info] > git config --get commit.template [2ms]
2023-12-15 18:59:22.472 [info] > git for-each-ref --format=%(refname)%00%(upstream:short)%00%(objectname)%00%(upstream:track)%00%(upstream:remotename)%00%(upstream:remoteref) refs/heads/feature/front-html refs/remotes/feature/front-html [2ms]
2023-12-15 18:59:22.487 [info] > git status -z -uall [2ms]
2023-12-15 18:59:27.529 [info] > git config --get commit.template [17ms]
2023-12-15 18:59:27.531 [info] > git for-each-ref --format=%(refname)%00%(upstream:short)%00%(objectname)%00%(upstream:track)%00%(upstream:remotename)%00%(upstream:remoteref) refs/heads/feature/front-html refs/remotes/feature/front-html [3ms]
2023-12-15 18:59:27.566 [info] > git status -z -uall [16ms]
2023-12-15 18:59:38.653 [info] > git config --get commit.template [1ms]
2023-12-15 18:59:38.666 [info] > git for-each-ref --format=%(refname)%00%(upstream:short)%00%(objectname)%00%(upstream:track)%00%(upstream:remotename)%00%(upstream:remoteref) refs/heads/feature/front-html refs/remotes/feature/front-html [1ms]
2023-12-15 18:59:38.676 [info] > git status -z -uall [2ms]
2023-12-15 19:00:09.743 [info] > git config --get commit.template [2ms]
2023-12-15 19:00:09.753 [info] > git for-each-ref --format=%(refname)%00%(upstream:short)%00%(objectname)%00%(upstream:track)%00%(upstream:remotename)%00%(upstream:remoteref) refs/heads/feature/front-html refs/remotes/feature/front-html [1ms]
2023-12-15 19:00:09.763 [info] > git status -z -uall [1ms]
2023-12-15 19:01:49.972 [info] > git config --get commit.template [2ms]
2023-12-15 19:01:49.989 [info] > git for-each-ref --format=%(refname)%00%(upstream:short)%00%(objectname)%00%(upstream:track)%00%(upstream:remotename)%00%(upstream:remoteref) refs/heads/feature/front-html refs/remotes/feature/front-html [2ms]
2023-12-15 19:01:50.009 [info] > git status -z -uall [3ms]
2023-12-15 19:01:55.037 [info] > git config --get commit.template [12ms]
2023-12-15 19:01:55.038 [info] > git for-each-ref --format=%(refname)%00%(upstream:short)%00%(objectname)%00%(upstream:track)%00%(upstream:remotename)%00%(upstream:remoteref) refs/heads/feature/front-html refs/remotes/feature/front-html [2ms]
2023-12-15 19:01:55.052 [info] > git status -z -uall [2ms]
2023-12-15 19:02:09.728 [info] > git config --get commit.template [1ms]
2023-12-15 19:02:09.742 [info] > git for-each-ref --format=%(refname)%00%(upstream:short)%00%(objectname)%00%(upstream:track)%00%(upstream:remotename)%00%(upstream:remoteref) refs/heads/feature/front-html refs/remotes/feature/front-html [1ms]
2023-12-15 19:02:09.755 [info] > git status -z -uall [2ms]
2023-12-15 19:02:14.782 [info] > git config --get commit.template [2ms]
2023-12-15 19:02:14.796 [info] > git for-each-ref --format=%(refname)%00%(upstream:short)%00%(objectname)%00%(upstream:track)%00%(upstream:remotename)%00%(upstream:remoteref) refs/heads/feature/front-html refs/remotes/feature/front-html [2ms]
2023-12-15 19:02:14.809 [info] > git status -z -uall [2ms]
2023-12-15 19:02:19.837 [info] > git config --get commit.template [2ms]
2023-12-15 19:02:19.852 [info] > git for-each-ref --format=%(refname)%00%(upstream:short)%00%(objectname)%00%(upstream:track)%00%(upstream:remotename)%00%(upstream:remoteref) refs/heads/feature/front-html refs/remotes/feature/front-html [1ms]
2023-12-15 19:02:19.867 [info] > git status -z -uall [3ms]
2023-12-15 19:02:24.904 [info] > git config --get commit.template [2ms]
2023-12-15 19:02:24.926 [info] > git for-each-ref --format=%(refname)%00%(upstream:short)%00%(objectname)%00%(upstream:track)%00%(upstream:remotename)%00%(upstream:remoteref) refs/heads/feature/front-html refs/remotes/feature/front-html [3ms]
2023-12-15 19:02:24.943 [info] > git status -z -uall [2ms]
2023-12-15 19:02:29.973 [info] > git config --get commit.template [12ms]
2023-12-15 19:02:29.973 [info] > git for-each-ref --format=%(refname)%00%(upstream:short)%00%(objectname)%00%(upstream:track)%00%(upstream:remotename)%00%(upstream:remoteref) refs/heads/feature/front-html refs/remotes/feature/front-html [1ms]
2023-12-15 19:02:29.981 [info] > git status -z -uall [2ms]
2023-12-15 19:02:58.441 [info] > git config --get commit.template [24ms]
2023-12-15 19:02:58.441 [info] > git for-each-ref --format=%(refname)%00%(upstream:short)%00%(objectname)%00%(upstream:track)%00%(upstream:remotename)%00%(upstream:remoteref) refs/heads/feature/front-html refs/remotes/feature/front-html [2ms]
2023-12-15 19:02:58.456 [info] > git status -z -uall [2ms]
2023-12-15 19:03:04.906 [info] > git config --get commit.template [2ms]
2023-12-15 19:03:04.916 [info] > git for-each-ref --format=%(refname)%00%(upstream:short)%00%(objectname)%00%(upstream:track)%00%(upstream:remotename)%00%(upstream:remoteref) refs/heads/feature/front-html refs/remotes/feature/front-html [0ms]
2023-12-15 19:03:04.926 [info] > git status -z -uall [1ms]
2023-12-15 19:03:09.955 [info] > git config --get commit.template [4ms]
2023-12-15 19:03:09.975 [info] > git for-each-ref --format=%(refname)%00%(upstream:short)%00%(objectname)%00%(upstream:track)%00%(upstream:remotename)%00%(upstream:remoteref) refs/heads/feature/front-html refs/remotes/feature/front-html [3ms]
2023-12-15 19:03:09.996 [info] > git status -z -uall [2ms]
2023-12-15 19:03:15.018 [info] > git config --get commit.template [2ms]
2023-12-15 19:03:15.030 [info] > git for-each-ref --format=%(refname)%00%(upstream:short)%00%(objectname)%00%(upstream:track)%00%(upstream:remotename)%00%(upstream:remoteref) refs/heads/feature/front-html refs/remotes/feature/front-html [2ms]
2023-12-15 19:03:15.041 [info] > git status -z -uall [3ms]
2023-12-15 19:03:38.067 [info] > git config --get commit.template [2ms]
2023-12-15 19:03:38.079 [info] > git for-each-ref --format=%(refname)%00%(upstream:short)%00%(objectname)%00%(upstream:track)%00%(upstream:remotename)%00%(upstream:remoteref) refs/heads/feature/front-html refs/remotes/feature/front-html [1ms]
2023-12-15 19:03:38.090 [info] > git status -z -uall [1ms]
2023-12-15 19:05:02.106 [info] > git config --get commit.template [6ms]
2023-12-15 19:05:02.121 [info] > git for-each-ref --format=%(refname)%00%(upstream:short)%00%(objectname)%00%(upstream:track)%00%(upstream:remotename)%00%(upstream:remoteref) refs/heads/feature/front-html refs/remotes/feature/front-html [1ms]
2023-12-15 19:05:02.133 [info] > git status -z -uall [2ms]
2023-12-15 19:05:37.908 [info] > git config --get commit.template [2ms]
2023-12-15 19:05:37.924 [info] > git for-each-ref --format=%(refname)%00%(upstream:short)%00%(objectname)%00%(upstream:track)%00%(upstream:remotename)%00%(upstream:remoteref) refs/heads/feature/front-html refs/remotes/feature/front-html [2ms]
2023-12-15 19:05:37.941 [info] > git status -z -uall [3ms]
2023-12-15 19:06:09.411 [info] > git config --get commit.template [15ms]
2023-12-15 19:06:09.412 [info] > git for-each-ref --format=%(refname)%00%(upstream:short)%00%(objectname)%00%(upstream:track)%00%(upstream:remotename)%00%(upstream:remoteref) refs/heads/feature/front-html refs/remotes/feature/front-html [3ms]
2023-12-15 19:06:09.425 [info] > git status -z -uall [2ms]
2023-12-15 19:06:21.337 [info] > git config --get commit.template [1ms]
2023-12-15 19:06:21.349 [info] > git for-each-ref --format=%(refname)%00%(upstream:short)%00%(objectname)%00%(upstream:track)%00%(upstream:remotename)%00%(upstream:remoteref) refs/heads/feature/front-html refs/remotes/feature/front-html [1ms]
2023-12-15 19:06:21.360 [info] > git status -z -uall [2ms]
2023-12-15 19:06:32.820 [info] > git config --get commit.template [2ms]
2023-12-15 19:06:32.836 [info] > git for-each-ref --format=%(refname)%00%(upstream:short)%00%(objectname)%00%(upstream:track)%00%(upstream:remotename)%00%(upstream:remoteref) refs/heads/feature/front-html refs/remotes/feature/front-html [2ms]
2023-12-15 19:06:32.853 [info] > git status -z -uall [3ms]
2023-12-15 19:07:17.406 [info] > git config --get commit.template [2ms]
2023-12-15 19:07:17.424 [info] > git for-each-ref --format=%(refname)%00%(upstream:short)%00%(objectname)%00%(upstream:track)%00%(upstream:remotename)%00%(upstream:remoteref) refs/heads/feature/front-html refs/remotes/feature/front-html [3ms]
2023-12-15 19:07:17.438 [info] > git status -z -uall [2ms]
