2023-12-17 21:59:49.773 [info] Extension host with pid 987 started
2023-12-17 21:59:49.774 [error] Error: EEXIST: file already exists, open '/home/by1094/.vscode-server/data/User/workspaceStorage/3b2751f9d25aca4ee4efb16ab2bb7e64/vscode.lock'
2023-12-17 21:59:49.784 [info] Lock '/home/by1094/.vscode-server/data/User/workspaceStorage/3b2751f9d25aca4ee4efb16ab2bb7e64/vscode.lock': Could not acquire lock, checking if the file is stale.
2023-12-17 21:59:49.788 [info] Lock '/home/by1094/.vscode-server/data/User/workspaceStorage/3b2751f9d25aca4ee4efb16ab2bb7e64/vscode.lock': The pid 2622 appears to be gone.
2023-12-17 21:59:49.788 [info] Lock '/home/by1094/.vscode-server/data/User/workspaceStorage/3b2751f9d25aca4ee4efb16ab2bb7e64/vscode.lock': Deleting a stale lock.
2023-12-17 21:59:49.804 [info] Lock '/home/by1094/.vscode-server/data/User/workspaceStorage/3b2751f9d25aca4ee4efb16ab2bb7e64/vscode.lock': Lock acquired.
2023-12-17 21:59:50.030 [info] ExtensionService#_doActivateExtension vscode.markdown-language-features, startup: false, activationEvent: 'onWebviewPanel:markdown.preview'
2023-12-17 21:59:50.031 [info] ExtensionService#_doActivateExtension vscode.extension-editing, startup: false, activationEvent: 'onLanguage:markdown'
2023-12-17 21:59:50.031 [info] ExtensionService#_doActivateExtension vscode.emmet, startup: false, activationEvent: 'onLanguage'
2023-12-17 21:59:50.338 [info] ExtensionService#_doActivateExtension vscode.git-base, startup: true, activationEvent: '*', root cause: vscode.git
2023-12-17 21:59:50.445 [info] ExtensionService#_doActivateExtension vscode.markdown-math, startup: false, activationEvent: 'api', root cause: vscode.markdown-language-features
2023-12-17 21:59:50.455 [info] ExtensionService#_doActivateExtension vscode.git, startup: true, activationEvent: '*'
2023-12-17 21:59:50.456 [info] ExtensionService#_doActivateExtension vscode.github, startup: true, activationEvent: '*'
2023-12-17 21:59:50.721 [info] Eager extensions activated
2023-12-17 21:59:50.721 [info] ExtensionService#_doActivateExtension vscode.debug-auto-launch, startup: false, activationEvent: 'onStartupFinished'
2023-12-17 21:59:50.721 [info] ExtensionService#_doActivateExtension vscode.merge-conflict, startup: false, activationEvent: 'onStartupFinished'
2023-12-17 21:59:50.722 [info] ExtensionService#_doActivateExtension esbenp.prettier-vscode, startup: false, activationEvent: 'onStartupFinished'
2023-12-17 21:59:50.722 [info] ExtensionService#_doActivateExtension tonybaloney.vscode-pets, startup: false, activationEvent: 'onStartupFinished'
2023-12-17 22:00:34.771 [info] Extension host terminating: received terminate message from renderer
2023-12-17 22:00:34.772 [info] Lock '/home/by1094/.vscode-server/data/User/workspaceStorage/3b2751f9d25aca4ee4efb16ab2bb7e64/vscode.lock': Marking the lockfile as scheduled to be released in 6000 ms.
2023-12-17 22:00:34.849 [info] Extension host with pid 987 exiting with code 0
