2023-12-18 00:12:00.810 [info] Log level: Info
2023-12-18 00:12:00.810 [info] Validating found git in: "git"
2023-12-18 00:12:00.810 [info] Using git "2.25.1" from "git"
2023-12-18 00:12:00.810 [info] > git rev-parse --show-toplevel [5ms]
2023-12-18 00:12:00.816 [info] > git rev-parse --git-dir --git-common-dir [1ms]
2023-12-18 00:12:00.830 [info] Open repository: /home/by1094/testRepo
2023-12-18 00:12:00.859 [info] > git rev-parse --show-toplevel [18ms]
2023-12-18 00:12:00.860 [info] > git config --get commit.template [22ms]
2023-12-18 00:12:00.875 [info] > git rev-parse --show-toplevel [10ms]
2023-12-18 00:12:00.883 [info] > git for-each-ref --format=%(refname)%00%(upstream:short)%00%(objectname)%00%(upstream:track)%00%(upstream:remotename)%00%(upstream:remoteref) refs/heads/feature/front-html refs/remotes/feature/front-html [10ms]
2023-12-18 00:12:00.898 [info] > git status -z -uall [8ms]
2023-12-18 00:12:00.917 [info] > git config --get commit.template [1ms]
2023-12-18 00:12:00.935 [info] > git for-each-ref --format=%(refname)%00%(upstream:short)%00%(objectname)%00%(upstream:track)%00%(upstream:remotename)%00%(upstream:remoteref) refs/heads/feature/front-html refs/remotes/feature/front-html [14ms]
2023-12-18 00:12:01.086 [info] > git status -z -uall [148ms]
2023-12-18 00:12:01.259 [info] > git show --textconv :src/public/main.ejs [8ms]
2023-12-18 00:12:01.260 [info] > git ls-files --stage -- /home/by1094/testRepo/src/public/main.ejs [2ms]
2023-12-18 00:12:01.354 [info] > git check-ignore -v -z --stdin [2ms]
2023-12-18 00:15:57.601 [info] > git check-ignore -v -z --stdin [2ms]
2023-12-18 00:15:58.768 [info] > git show --textconv :src/routers/index.js [11ms]
2023-12-18 00:15:58.770 [info] > git ls-files --stage -- /home/by1094/testRepo/src/routers/index.js [6ms]
2023-12-18 00:15:58.834 [info] > git cat-file -s da4928c01599b4f14c7296dd667a932c5a0b5810 [58ms]
2023-12-18 00:16:00.726 [info] > git show --textconv :src/routers/user.js [15ms]
2023-12-18 00:16:00.728 [info] > git ls-files --stage -- /home/by1094/testRepo/src/routers/user.js [4ms]
2023-12-18 00:16:00.739 [info] > git cat-file -s df956a442b3b1da62db45e8419ae1cbe517fb918 [2ms]
2023-12-18 00:16:06.488 [info] > git show --textconv :src/routers/index.js [6ms]
2023-12-18 00:16:06.489 [info] > git ls-files --stage -- /home/by1094/testRepo/src/routers/index.js [2ms]
2023-12-18 00:16:06.499 [info] > git cat-file -s da4928c01599b4f14c7296dd667a932c5a0b5810 [3ms]
2023-12-18 00:35:20.092 [info] > git for-each-ref --format=%(refname)%00%(upstream:short)%00%(objectname)%00%(upstream:track)%00%(upstream:remotename)%00%(upstream:remoteref) refs/heads/feature/front-html [35ms]
2023-12-18 00:35:20.107 [info] > git config --local branch.feature/front-html.vscode-merge-base [3ms]
2023-12-18 00:35:20.132 [info] > git reflog refs/heads/feature/front-html --grep-reflog=branch: Created from *. [13ms]
2023-12-18 00:35:20.154 [info] > git for-each-ref --format=%(refname)%00%(upstream:short)%00%(objectname)%00%(upstream:track)%00%(upstream:remotename)%00%(upstream:remoteref) refs/heads/master refs/remotes/master [13ms]
2023-12-18 00:35:20.175 [info] > git config --local branch.feature/front-html.vscode-merge-base master [3ms]
2023-12-18 00:35:20.194 [info] > git config --get commit.template [8ms]
2023-12-18 00:35:20.204 [info] > git for-each-ref --format=%(refname)%00%(upstream:short)%00%(objectname)%00%(upstream:track)%00%(upstream:remotename)%00%(upstream:remoteref) refs/heads/feature/front-html refs/remotes/feature/front-html [2ms]
2023-12-18 00:35:20.214 [info] > git status -z -uall [3ms]
2023-12-18 00:35:20.231 [info] > git merge-base refs/heads/feature/front-html refs/heads/master [2ms]
2023-12-18 00:35:20.239 [info] > git rev-list --count --left-right refs/heads/feature/front-html...refs/heads/master [3ms]
2023-12-18 00:35:21.314 [info] > git config --get commit.template [1ms]
2023-12-18 00:35:21.330 [info] > git for-each-ref --format=%(refname)%00%(upstream:short)%00%(objectname)%00%(upstream:track)%00%(upstream:remotename)%00%(upstream:remoteref) refs/heads/feature/front-html refs/remotes/feature/front-html [2ms]
2023-12-18 00:35:21.340 [info] > git status -z -uall [1ms]
2023-12-18 00:35:21.425 [info] > git ls-files --stage -- /home/by1094/testRepo/src/routers/index.js [2ms]
2023-12-18 00:35:21.447 [info] > git cat-file -s da4928c01599b4f14c7296dd667a932c5a0b5810 [6ms]
2023-12-18 00:35:21.468 [info] > git show --textconv :src/routers/index.js [2ms]
2023-12-18 00:36:32.673 [info] > git show --textconv :docker-compose.yml [71ms]
2023-12-18 00:36:32.674 [info] > git ls-files --stage -- /home/by1094/testRepo/docker-compose.yml [62ms]
2023-12-18 00:36:32.696 [info] > git cat-file -s c8885643f7442fac3231801e15a3361d912e7aa6 [12ms]
2023-12-18 00:36:32.869 [info] > git show --textconv :.gitignore [8ms]
2023-12-18 00:36:32.870 [info] > git ls-files --stage -- /home/by1094/testRepo/.gitignore [2ms]
2023-12-18 00:36:32.876 [info] > git cat-file -s e8938caab21abbfeec29ebe70c70366c78912006 [1ms]
2023-12-18 00:36:33.835 [info] > git show --textconv :.env [8ms]
2023-12-18 00:36:33.836 [info] > git ls-files --stage -- /home/by1094/testRepo/.env [1ms]
2023-12-18 00:36:35.985 [info] > git show --textconv :README.md [13ms]
2023-12-18 00:36:35.986 [info] > git ls-files --stage -- /home/by1094/testRepo/README.md [3ms]
2023-12-18 00:36:35.994 [info] > git cat-file -s c6c3d956e2c026cb9151c6c46682db20e103bc57 [1ms]
2023-12-18 00:36:36.241 [info] > git show --textconv :package.json [7ms]
2023-12-18 00:36:36.242 [info] > git ls-files --stage -- /home/by1094/testRepo/package.json [2ms]
2023-12-18 00:36:36.262 [info] > git cat-file -s 75589783d3e3dcd6dbc3ad78123af8115caa7645 [14ms]
2023-12-18 00:38:27.746 [info] > git for-each-ref --sort -committerdate --format %(refname) %(objectname) %(*objectname) [9ms]
2023-12-18 00:38:30.865 [info] > git for-each-ref --format %(refname:short)%00%(upstream:short) refs/heads [2ms]
2023-12-18 00:38:30.889 [info] > git checkout -q --track origin/feature/eslint [2ms]
2023-12-18 00:38:30.889 [info] fatal: A branch named 'feature/eslint' already exists.
2023-12-18 00:38:30.914 [info] > git config --get commit.template [3ms]
2023-12-18 00:38:30.932 [info] > git for-each-ref --format=%(refname)%00%(upstream:short)%00%(objectname)%00%(upstream:track)%00%(upstream:remotename)%00%(upstream:remoteref) refs/heads/feature/front-html refs/remotes/feature/front-html [3ms]
2023-12-18 00:38:30.951 [info] > git status -z -uall [3ms]
2023-12-18 00:38:47.115 [info] > git for-each-ref --sort -committerdate --format %(refname) %(objectname) %(*objectname) [2ms]
2023-12-18 00:38:50.416 [info] > git checkout -q feature/prettier [21ms]
2023-12-18 00:38:50.447 [info] > git config --get commit.template [13ms]
2023-12-18 00:38:50.447 [info] > git for-each-ref --format=%(refname)%00%(upstream:short)%00%(objectname)%00%(upstream:track)%00%(upstream:remotename)%00%(upstream:remoteref) refs/heads/feature/prettier refs/remotes/feature/prettier [2ms]
2023-12-18 00:38:50.457 [info] > git status -z -uall [2ms]
2023-12-18 00:38:51.528 [info] > git config --get commit.template [2ms]
2023-12-18 00:38:51.547 [info] > git for-each-ref --format=%(refname)%00%(upstream:short)%00%(objectname)%00%(upstream:track)%00%(upstream:remotename)%00%(upstream:remoteref) refs/heads/feature/prettier refs/remotes/feature/prettier [3ms]
2023-12-18 00:38:51.562 [info] > git status -z -uall [2ms]
2023-12-18 00:38:51.645 [info] > git ls-files --stage -- /home/by1094/testRepo/package.json [2ms]
2023-12-18 00:38:51.671 [info] > git cat-file -s 75589783d3e3dcd6dbc3ad78123af8115caa7645 [9ms]
2023-12-18 00:38:51.697 [info] > git show --textconv :package.json [1ms]
2023-12-18 00:38:57.970 [info] > git for-each-ref --sort -committerdate --format %(refname) %(objectname) %(*objectname) [4ms]
2023-12-18 00:39:00.800 [info] > git checkout -q feature/eslint [9ms]
2023-12-18 00:39:00.821 [info] > git config --get commit.template [1ms]
2023-12-18 00:39:00.839 [info] > git for-each-ref --format=%(refname)%00%(upstream:short)%00%(objectname)%00%(upstream:track)%00%(upstream:remotename)%00%(upstream:remoteref) refs/heads/feature/eslint refs/remotes/feature/eslint [2ms]
2023-12-18 00:39:00.854 [info] > git status -z -uall [2ms]
2023-12-18 00:39:01.953 [info] > git config --get commit.template [15ms]
2023-12-18 00:39:01.954 [info] > git for-each-ref --format=%(refname)%00%(upstream:short)%00%(objectname)%00%(upstream:track)%00%(upstream:remotename)%00%(upstream:remoteref) refs/heads/feature/eslint refs/remotes/feature/eslint [4ms]
2023-12-18 00:39:01.980 [info] > git status -z -uall [2ms]
2023-12-18 00:39:02.046 [info] > git ls-files --stage -- /home/by1094/testRepo/package.json [2ms]
2023-12-18 00:39:02.065 [info] > git cat-file -s 75589783d3e3dcd6dbc3ad78123af8115caa7645 [5ms]
2023-12-18 00:39:02.090 [info] > git show --textconv :package.json [2ms]
2023-12-18 00:42:32.245 [info] > git show --textconv :.env [12ms]
2023-12-18 00:42:32.246 [info] > git ls-files --stage -- /home/by1094/testRepo/.env [3ms]
2023-12-18 00:42:36.391 [info] > git show --textconv :src/routers/index.js [13ms]
2023-12-18 00:42:36.393 [info] > git ls-files --stage -- /home/by1094/testRepo/src/routers/index.js [7ms]
2023-12-18 00:42:36.406 [info] > git cat-file -s da4928c01599b4f14c7296dd667a932c5a0b5810 [1ms]
2023-12-18 00:42:52.572 [info] > git check-ignore -v -z --stdin [3ms]
2023-12-18 00:42:55.079 [info] > git check-ignore -v -z --stdin [1ms]
2023-12-18 00:42:58.959 [info] > git show --textconv :node_modules/.bin/semver [10ms]
2023-12-18 00:42:58.961 [info] > git ls-files --stage -- /home/by1094/testRepo/node_modules/.bin/semver [3ms]
2023-12-18 00:43:02.505 [info] > git show --textconv :src/public/main.ejs [23ms]
2023-12-18 00:43:02.508 [info] > git ls-files --stage -- /home/by1094/testRepo/src/public/main.ejs [5ms]
2023-12-18 00:43:09.687 [info] > git show --textconv :docker-compose.yml [11ms]
2023-12-18 00:43:09.693 [info] > git ls-files --stage -- /home/by1094/testRepo/docker-compose.yml [7ms]
2023-12-18 00:43:09.703 [info] > git cat-file -s c8885643f7442fac3231801e15a3361d912e7aa6 [1ms]
2023-12-18 00:43:10.711 [info] > git for-each-ref --format=%(refname)%00%(upstream:short)%00%(objectname)%00%(upstream:track)%00%(upstream:remotename)%00%(upstream:remoteref) refs/heads/feature/eslint [3ms]
2023-12-18 00:43:10.721 [info] > git config --local branch.feature/eslint.vscode-merge-base [0ms]
2023-12-18 00:43:10.739 [info] > git reflog refs/heads/feature/eslint --grep-reflog=branch: Created from *. [10ms]
2023-12-18 00:43:10.749 [info] > git for-each-ref --format=%(refname)%00%(upstream:short)%00%(objectname)%00%(upstream:track)%00%(upstream:remotename)%00%(upstream:remoteref) refs/heads/master refs/remotes/master [2ms]
2023-12-18 00:43:10.764 [info] > git config --local branch.feature/eslint.vscode-merge-base master [2ms]
2023-12-18 00:43:10.777 [info] > git config --get commit.template [2ms]
2023-12-18 00:43:10.791 [info] > git for-each-ref --format=%(refname)%00%(upstream:short)%00%(objectname)%00%(upstream:track)%00%(upstream:remotename)%00%(upstream:remoteref) refs/heads/feature/eslint refs/remotes/feature/eslint [1ms]
2023-12-18 00:43:10.803 [info] > git status -z -uall [2ms]
2023-12-18 00:43:10.827 [info] > git merge-base refs/heads/feature/eslint refs/heads/master [2ms]
2023-12-18 00:43:10.836 [info] > git rev-list --count --left-right refs/heads/feature/eslint...refs/heads/master [1ms]
2023-12-18 00:43:11.900 [info] > git config --get commit.template [2ms]
2023-12-18 00:43:11.914 [info] > git for-each-ref --format=%(refname)%00%(upstream:short)%00%(objectname)%00%(upstream:track)%00%(upstream:remotename)%00%(upstream:remoteref) refs/heads/feature/eslint refs/remotes/feature/eslint [2ms]
2023-12-18 00:43:11.925 [info] > git status -z -uall [3ms]
2023-12-18 00:43:11.999 [info] > git ls-files --stage -- /home/by1094/testRepo/docker-compose.yml [1ms]
2023-12-18 00:43:12.006 [info] > git cat-file -s c8885643f7442fac3231801e15a3361d912e7aa6 [1ms]
2023-12-18 00:43:12.018 [info] > git show --textconv :docker-compose.yml [1ms]
2023-12-18 00:43:16.452 [info] > git show --textconv HEAD:src/routers/index.js [13ms]
2023-12-18 00:43:16.453 [info] > git ls-tree -l HEAD -- /home/by1094/testRepo/src/routers/index.js [4ms]
2023-12-18 00:43:18.626 [info] > git show --textconv HEAD:src/public/main.ejs [11ms]
2023-12-18 00:43:18.626 [info] > git ls-tree -l HEAD -- /home/by1094/testRepo/src/public/main.ejs [2ms]
2023-12-18 00:43:19.587 [info] > git show --textconv HEAD:src/app.js [13ms]
2023-12-18 00:43:19.587 [info] > git ls-tree -l HEAD -- /home/by1094/testRepo/src/app.js [5ms]
2023-12-18 00:43:20.628 [info] > git show --textconv HEAD:package.json [11ms]
2023-12-18 00:43:20.628 [info] > git ls-tree -l HEAD -- /home/by1094/testRepo/package.json [4ms]
2023-12-18 00:43:29.668 [info] > git show --textconv HEAD:package-lock.json [21ms]
2023-12-18 00:43:29.669 [info] > git ls-tree -l HEAD -- /home/by1094/testRepo/package-lock.json [5ms]
2023-12-18 00:43:32.262 [info] > git show --textconv HEAD:.gitignore [15ms]
2023-12-18 00:43:32.263 [info] > git ls-tree -l HEAD -- /home/by1094/testRepo/.gitignore [4ms]
