0 verbose cli /usr/bin/node /usr/bin/npm
1 info using npm@9.6.7
2 info using node@v18.17.1
3 timing npm:load:whichnode Completed in 2ms
4 timing config:load:defaults Completed in 1ms
5 timing config:load:file:/usr/lib/node_modules/npm/npmrc Completed in 1ms
6 timing config:load:builtin Completed in 1ms
7 timing config:load:cli Completed in 1ms
8 timing config:load:env Completed in 1ms
9 timing config:load:file:/home/by1094/.cache/typescript/5.2/.npmrc Completed in 0ms
10 timing config:load:project Completed in 1ms
11 timing config:load:file:/home/by1094/.npmrc Completed in 0ms
12 timing config:load:user Completed in 0ms
13 timing config:load:file:/usr/etc/npmrc Completed in 0ms
14 timing config:load:global Completed in 0ms
15 timing config:load:setEnvs Completed in 1ms
16 timing config:load Completed in 6ms
17 timing npm:load:configload Completed in 6ms
18 timing npm:load:mkdirpcache Completed in 0ms
19 timing npm:load:mkdirplogs Completed in 1ms
20 verbose title npm install types-registry@latest
21 verbose argv "install" "--ignore-scripts" "types-registry@latest"
22 timing npm:load:setTitle Completed in 1ms
23 timing config:load:flatten Completed in 2ms
24 timing npm:load:display Completed in 2ms
25 verbose logfile logs-max:10 dir:/home/by1094/.npm/_logs/2023-09-10T05_11_57_129Z-
26 verbose logfile /home/by1094/.npm/_logs/2023-09-10T05_11_57_129Z-debug-0.log
27 timing npm:load:logFile Completed in 7ms
28 timing npm:load:timers Completed in 0ms
29 timing npm:load:configScope Completed in 0ms
30 timing npm:load Completed in 19ms
31 timing arborist:ctor Completed in 0ms
32 silly logfile done cleaning log files
33 timing idealTree:init Completed in 10ms
34 timing arborist:ctor Completed in 0ms
35 http fetch GET 200 https://registry.npmjs.org/types-registry 542ms (cache updated)
36 timing idealTree:userRequests Completed in 547ms
37 silly idealTree buildDeps
38 silly fetch manifest types-registry@0.1.660
39 silly placeDep ROOT types-registry@0.1.660 REPLACE for:  want: 0.1.660
40 timing idealTree:#root Completed in 5ms
41 timing idealTree:node_modules/types-registry Completed in 0ms
42 timing idealTree:buildDeps Completed in 6ms
43 timing idealTree:fixDepFlags Completed in 0ms
44 timing idealTree Completed in 564ms
45 timing reify:loadTrees Completed in 564ms
46 timing reify:diffTrees Completed in 0ms
47 silly reify mark retired [ '/home/by1094/.cache/typescript/5.2/node_modules/types-registry' ]
48 silly reify moves {
48 silly reify   '/home/by1094/.cache/typescript/5.2/node_modules/types-registry': '/home/by1094/.cache/typescript/5.2/node_modules/.types-registry-aoSY2PaV'
48 silly reify }
49 timing reify:retireShallow Completed in 4ms
50 timing reify:createSparse Completed in 1ms
51 timing reify:loadBundles Completed in 0ms
52 silly audit bulk request { 'types-registry': [ '0.1.660' ] }
53 silly tarball no local data for types-registry@https://registry.npmjs.org/types-registry/-/types-registry-0.1.660.tgz. Extracting by manifest.
54 http fetch POST 200 https://registry.npmjs.org/-/npm/v1/security/advisories/bulk 246ms
55 timing auditReport:getReport Completed in 247ms
56 silly audit report {}
57 timing auditReport:init Completed in 0ms
58 timing reify:audit Completed in 247ms
59 http fetch GET 200 https://registry.npmjs.org/types-registry/-/types-registry-0.1.660.tgz 274ms (cache miss)
60 timing reifyNode:node_modules/types-registry Completed in 280ms
61 timing reify:unpack Completed in 280ms
62 timing reify:unretire Completed in 0ms
63 timing build:queue Completed in 1ms
64 timing build:deps Completed in 1ms
65 timing build Completed in 1ms
66 timing reify:build Completed in 1ms
67 timing reify:trash Completed in 1ms
68 timing reify:save Completed in 4ms
69 timing reify Completed in 912ms
70 silly CHANGE node_modules/types-registry
71 timing command:install Completed in 914ms
72 verbose exit 0
73 timing npm Completed in 1187ms
74 info ok
