2023-12-15 17:27:12.657 [info] Extension host with pid 1382 started
2023-12-15 17:27:12.657 [error] Error: EEXIST: file already exists, open '/home/by1094/.vscode-server/data/User/workspaceStorage/601063d86ab00c0ad208c76d38f19f47/vscode.lock'
2023-12-15 17:27:12.664 [info] Lock '/home/by1094/.vscode-server/data/User/workspaceStorage/601063d86ab00c0ad208c76d38f19f47/vscode.lock': Could not acquire lock, checking if the file is stale.
2023-12-15 17:27:12.666 [info] Lock '/home/by1094/.vscode-server/data/User/workspaceStorage/601063d86ab00c0ad208c76d38f19f47/vscode.lock': The pid 1055 appears to be gone.
2023-12-15 17:27:12.666 [info] Lock '/home/by1094/.vscode-server/data/User/workspaceStorage/601063d86ab00c0ad208c76d38f19f47/vscode.lock': Deleting a stale lock.
2023-12-15 17:27:12.682 [info] Lock '/home/by1094/.vscode-server/data/User/workspaceStorage/601063d86ab00c0ad208c76d38f19f47/vscode.lock': Lock acquired.
2023-12-15 17:27:12.742 [info] ExtensionService#_doActivateExtension vscode.typescript-language-features, startup: false, activationEvent: 'onLanguage:javascript'
2023-12-15 17:27:12.743 [info] ExtensionService#_doActivateExtension vscode.emmet, startup: false, activationEvent: 'onLanguage'
2023-12-15 17:27:13.077 [info] ExtensionService#_doActivateExtension vscode.git-base, startup: true, activationEvent: '*', root cause: vscode.git
2023-12-15 17:27:13.085 [info] ExtensionService#_doActivateExtension vscode.npm, startup: true, activationEvent: 'workspaceContains:package.json'
2023-12-15 17:27:13.212 [info] ExtensionService#_doActivateExtension vscode.git, startup: true, activationEvent: '*'
2023-12-15 17:27:13.216 [info] ExtensionService#_doActivateExtension vscode.github, startup: true, activationEvent: '*'
2023-12-15 17:27:13.640 [info] Eager extensions activated
2023-12-15 17:27:13.640 [info] ExtensionService#_doActivateExtension vscode.debug-auto-launch, startup: false, activationEvent: 'onStartupFinished'
2023-12-15 17:27:13.641 [info] ExtensionService#_doActivateExtension vscode.merge-conflict, startup: false, activationEvent: 'onStartupFinished'
2023-12-15 17:27:13.641 [info] ExtensionService#_doActivateExtension esbenp.prettier-vscode, startup: false, activationEvent: 'onStartupFinished'
2023-12-15 17:27:13.641 [info] ExtensionService#_doActivateExtension tonybaloney.vscode-pets, startup: false, activationEvent: 'onStartupFinished'
2023-12-15 18:15:03.463 [info] ExtensionService#_doActivateExtension vscode.html-language-features, startup: false, activationEvent: 'onLanguage:html'
2023-12-15 18:15:03.463 [info] ExtensionService#_doActivateExtension tht13.html-preview-vscode, startup: false, activationEvent: 'onLanguage:html'
2023-12-15 18:43:11.854 [info] ExtensionService#_doActivateExtension vscode.extension-editing, startup: false, activationEvent: 'onLanguage:json'
2023-12-15 18:43:11.855 [info] ExtensionService#_doActivateExtension vscode.json-language-features, startup: false, activationEvent: 'onLanguage:json'
2023-12-15 18:44:50.475 [info] ExtensionService#_doActivateExtension vscode.tunnel-forwarding, startup: false, activationEvent: 'onTunnel'
