2023-12-18 00:11:59.649 [info] Extension host with pid 1000 started
2023-12-18 00:11:59.649 [error] Error: EEXIST: file already exists, open '/home/by1094/.vscode-server/data/User/workspaceStorage/601063d86ab00c0ad208c76d38f19f47/vscode.lock'
2023-12-18 00:11:59.659 [info] Lock '/home/by1094/.vscode-server/data/User/workspaceStorage/601063d86ab00c0ad208c76d38f19f47/vscode.lock': Could not acquire lock, checking if the file is stale.
2023-12-18 00:11:59.671 [info] Lock '/home/by1094/.vscode-server/data/User/workspaceStorage/601063d86ab00c0ad208c76d38f19f47/vscode.lock': The pid 1395 appears to be gone.
2023-12-18 00:11:59.671 [info] Lock '/home/by1094/.vscode-server/data/User/workspaceStorage/601063d86ab00c0ad208c76d38f19f47/vscode.lock': Deleting a stale lock.
2023-12-18 00:11:59.690 [info] Lock '/home/by1094/.vscode-server/data/User/workspaceStorage/601063d86ab00c0ad208c76d38f19f47/vscode.lock': Lock acquired.
2023-12-18 00:11:59.719 [info] ExtensionService#_doActivateExtension vscode.html-language-features, startup: false, activationEvent: 'onLanguage:html'
2023-12-18 00:11:59.720 [info] ExtensionService#_doActivateExtension tht13.html-preview-vscode, startup: false, activationEvent: 'onLanguage:html'
2023-12-18 00:11:59.721 [info] ExtensionService#_doActivateExtension vscode.emmet, startup: false, activationEvent: 'onLanguage'
2023-12-18 00:12:00.592 [info] ExtensionService#_doActivateExtension vscode.git-base, startup: true, activationEvent: '*', root cause: vscode.git
2023-12-18 00:12:00.606 [info] ExtensionService#_doActivateExtension vscode.npm, startup: true, activationEvent: 'workspaceContains:package.json'
2023-12-18 00:12:00.639 [info] ExtensionService#_doActivateExtension vscode.git, startup: true, activationEvent: '*'
2023-12-18 00:12:00.639 [info] ExtensionService#_doActivateExtension vscode.github, startup: true, activationEvent: '*'
2023-12-18 00:12:00.942 [info] Eager extensions activated
2023-12-18 00:12:00.942 [info] ExtensionService#_doActivateExtension vscode.debug-auto-launch, startup: false, activationEvent: 'onStartupFinished'
2023-12-18 00:12:00.943 [info] ExtensionService#_doActivateExtension vscode.merge-conflict, startup: false, activationEvent: 'onStartupFinished'
2023-12-18 00:12:00.943 [info] ExtensionService#_doActivateExtension esbenp.prettier-vscode, startup: false, activationEvent: 'onStartupFinished'
2023-12-18 00:12:00.943 [info] ExtensionService#_doActivateExtension tonybaloney.vscode-pets, startup: false, activationEvent: 'onStartupFinished'
2023-12-18 00:15:58.534 [info] ExtensionService#_doActivateExtension vscode.typescript-language-features, startup: false, activationEvent: 'onLanguage:javascript'
2023-12-18 00:35:35.436 [info] ExtensionService#_doActivateExtension dbaeumer.vscode-eslint, startup: false, activationEvent: 'onStartupFinished'
2023-12-18 00:36:31.923 [info] ExtensionService#_doActivateExtension ms-azuretools.vscode-docker, startup: false, activationEvent: 'onLanguage:dockercompose'
2023-12-18 00:36:35.503 [info] ExtensionService#_doActivateExtension vscode.extension-editing, startup: false, activationEvent: 'onLanguage:markdown'
2023-12-18 00:36:35.504 [info] ExtensionService#_doActivateExtension vscode.markdown-language-features, startup: false, activationEvent: 'onLanguage:markdown'
2023-12-18 00:36:36.049 [info] ExtensionService#_doActivateExtension vscode.json-language-features, startup: false, activationEvent: 'onLanguage:json'
