2023-12-18 00:48:28.279 [info] Log level: Info
2023-12-18 00:48:28.279 [info] Validating found git in: "git"
2023-12-18 00:48:28.279 [info] Using git "2.25.1" from "git"
2023-12-18 00:48:28.279 [info] > git rev-parse --show-toplevel [61ms]
2023-12-18 00:48:28.279 [info] > git rev-parse --git-dir --git-common-dir [3ms]
2023-12-18 00:48:28.279 [info] Open repository: /home/by1094/testRepo
2023-12-18 00:48:28.280 [info] > git rev-parse --show-toplevel [1ms]
2023-12-18 00:48:28.293 [info] > git config --get commit.template [18ms]
2023-12-18 00:48:28.295 [info] > git show --textconv HEAD:.gitignore [8ms]
2023-12-18 00:48:28.295 [info] > git ls-tree -l HEAD -- /home/by1094/testRepo/.gitignore [3ms]
2023-12-18 00:48:28.306 [info] > git for-each-ref --format=%(refname)%00%(upstream:short)%00%(objectname)%00%(upstream:track)%00%(upstream:remotename)%00%(upstream:remoteref) refs/heads/feature/eslint refs/remotes/feature/eslint [5ms]
2023-12-18 00:48:28.318 [info] > git status -z -uall [4ms]
2023-12-18 00:48:28.337 [info] > git config --get commit.template [4ms]
2023-12-18 00:48:28.338 [info] > git for-each-ref --format=%(refname)%00%(upstream:short)%00%(objectname)%00%(upstream:track)%00%(upstream:remotename)%00%(upstream:remoteref) refs/heads/feature/eslint refs/remotes/feature/eslint [2ms]
2023-12-18 00:48:28.343 [info] > git status -z -uall [2ms]
2023-12-18 00:48:28.491 [info] > git ls-tree -l HEAD -- /home/by1094/testRepo/.gitignore [1ms]
2023-12-18 00:48:29.030 [info] > git check-ignore -v -z --stdin [2ms]
2023-12-18 00:48:29.274 [info] > git ls-tree -l HEAD -- /home/by1094/testRepo/.gitignore [1ms]
2023-12-18 00:49:07.112 [info] > git check-ignore -v -z --stdin [2ms]
2023-12-18 00:51:27.559 [info] > git ls-tree -l HEAD -- /home/by1094/testRepo/.gitignore [2ms]
2023-12-18 00:52:32.731 [info] > git ls-tree -l HEAD -- /home/by1094/testRepo/.gitignore [6ms]
2023-12-18 00:52:50.934 [info] > git ls-tree -l HEAD -- /home/by1094/testRepo/.gitignore [2ms]
2023-12-18 00:53:04.135 [info] > git ls-tree -l HEAD -- /home/by1094/testRepo/.gitignore [3ms]
2023-12-18 00:54:04.621 [info] > git ls-tree -l HEAD -- /home/by1094/testRepo/.gitignore [1ms]
2023-12-18 00:54:34.487 [info] > git ls-tree -l HEAD -- /home/by1094/testRepo/.gitignore [2ms]
2023-12-18 00:55:03.891 [info] > git ls-tree -l HEAD -- /home/by1094/testRepo/.gitignore [1ms]
2023-12-18 00:55:12.598 [info] > git ls-tree -l HEAD -- /home/by1094/testRepo/.gitignore [1ms]
2023-12-18 00:55:35.826 [info] > git ls-tree -l HEAD -- /home/by1094/testRepo/.gitignore [2ms]
2023-12-18 00:56:00.129 [info] > git ls-tree -l HEAD -- /home/by1094/testRepo/.gitignore [2ms]
2023-12-18 01:02:58.650 [info] > git ls-tree -l HEAD -- /home/by1094/testRepo/.gitignore [3ms]
2023-12-18 01:03:04.176 [info] > git check-ignore -v -z --stdin [4ms]
2023-12-18 01:03:07.815 [info] > git show --textconv :.env [6ms]
2023-12-18 01:03:07.817 [info] > git ls-files --stage -- /home/by1094/testRepo/.env [3ms]
2023-12-18 01:04:41.132 [info] > git show --textconv :package-lock.json [9ms]
2023-12-18 01:04:41.132 [info] > git ls-files --stage -- /home/by1094/testRepo/package-lock.json [3ms]
2023-12-18 01:04:41.144 [info] > git cat-file -s 2253fabdfbc824481376c739367b88883133984a [5ms]
2023-12-18 01:04:58.026 [info] > git ls-files --stage -- /home/by1094/testRepo/package.json [2ms]
2023-12-18 01:04:58.032 [info] > git show --textconv :package.json [13ms]
2023-12-18 01:04:58.033 [info] > git cat-file -s 75589783d3e3dcd6dbc3ad78123af8115caa7645 [3ms]
2023-12-18 01:07:11.850 [info] > git check-ignore -v -z --stdin [1ms]
2023-12-18 01:07:17.631 [info] > git show --textconv :node_modules/.bin/ejs [11ms]
2023-12-18 01:07:17.635 [info] > git ls-files --stage -- /home/by1094/testRepo/node_modules/.bin/ejs [5ms]
2023-12-18 01:16:26.221 [info] > git check-ignore -v -z --stdin [2ms]
2023-12-18 01:16:26.980 [info] > git show --textconv :src/routers/index.js [15ms]
2023-12-18 01:16:26.982 [info] > git ls-files --stage -- /home/by1094/testRepo/src/routers/index.js [4ms]
2023-12-18 01:16:27.004 [info] > git cat-file -s da4928c01599b4f14c7296dd667a932c5a0b5810 [4ms]
2023-12-18 01:19:59.183 [info] > git show --textconv :package-lock.json [6ms]
2023-12-18 01:19:59.185 [info] > git ls-files --stage -- /home/by1094/testRepo/package-lock.json [2ms]
2023-12-18 01:19:59.192 [info] > git cat-file -s 2253fabdfbc824481376c739367b88883133984a [1ms]
2023-12-18 01:20:01.138 [info] > git show --textconv :package.json [5ms]
2023-12-18 01:20:01.140 [info] > git ls-files --stage -- /home/by1094/testRepo/package.json [2ms]
2023-12-18 01:20:01.148 [info] > git cat-file -s 75589783d3e3dcd6dbc3ad78123af8115caa7645 [2ms]
2023-12-18 01:20:02.282 [info] > git show --textconv :package-lock.json [11ms]
2023-12-18 01:20:02.283 [info] > git ls-files --stage -- /home/by1094/testRepo/package-lock.json [3ms]
2023-12-18 01:20:02.293 [info] > git cat-file -s 2253fabdfbc824481376c739367b88883133984a [2ms]
2023-12-18 01:20:06.969 [info] > git show --textconv :package.json [21ms]
2023-12-18 01:20:06.973 [info] > git ls-files --stage -- /home/by1094/testRepo/package.json [7ms]
2023-12-18 01:20:06.996 [info] > git cat-file -s 75589783d3e3dcd6dbc3ad78123af8115caa7645 [3ms]
2023-12-18 01:20:11.165 [info] > git for-each-ref --format=%(refname)%00%(upstream:short)%00%(objectname)%00%(upstream:track)%00%(upstream:remotename)%00%(upstream:remoteref) refs/heads/feature/eslint [36ms]
2023-12-18 01:20:11.190 [info] > git config --local branch.feature/eslint.vscode-merge-base [9ms]
2023-12-18 01:20:11.230 [info] > git for-each-ref --format=%(refname)%00%(upstream:short)%00%(objectname)%00%(upstream:track)%00%(upstream:remotename)%00%(upstream:remoteref) refs/heads/master refs/remotes/master [26ms]
2023-12-18 01:20:11.247 [info] > git merge-base refs/heads/feature/eslint refs/heads/master [1ms]
2023-12-18 01:20:11.258 [info] > git rev-list --count --left-right refs/heads/feature/eslint...refs/heads/master [2ms]
2023-12-18 01:20:12.295 [info] > git show --textconv HEAD:package-lock.json [16ms]
2023-12-18 01:20:12.296 [info] > git ls-tree -l HEAD -- /home/by1094/testRepo/package-lock.json [4ms]
2023-12-18 01:20:14.278 [info] > git show --textconv HEAD:package.json [13ms]
2023-12-18 01:20:14.278 [info] > git ls-tree -l HEAD -- /home/by1094/testRepo/package.json [4ms]
2023-12-18 01:20:15.136 [info] > git show --textconv HEAD:package-lock.json [17ms]
2023-12-18 01:20:15.136 [info] > git ls-tree -l HEAD -- /home/by1094/testRepo/package-lock.json [6ms]
2023-12-18 01:20:16.106 [info] > git show --textconv HEAD:package.json [11ms]
2023-12-18 01:20:16.106 [info] > git ls-tree -l HEAD -- /home/by1094/testRepo/package.json [4ms]
2023-12-18 01:20:50.298 [info] > git ls-tree -l HEAD -- /home/by1094/testRepo/package.json [6ms]
2023-12-18 01:21:34.704 [info] > git check-ignore -v -z --stdin [1ms]
2023-12-18 01:21:36.557 [info] > git check-ignore -v -z --stdin [1ms]
2023-12-18 01:21:37.197 [info] > git check-ignore -v -z --stdin [0ms]
2023-12-18 01:21:41.130 [info] > git show --textconv :package.json [7ms]
2023-12-18 01:21:41.131 [info] > git ls-files --stage -- /home/by1094/testRepo/package.json [2ms]
2023-12-18 01:21:41.138 [info] > git cat-file -s 75589783d3e3dcd6dbc3ad78123af8115caa7645 [1ms]
2023-12-18 01:21:49.469 [info] > git show --textconv :package-lock.json [10ms]
2023-12-18 01:21:49.469 [info] > git ls-files --stage -- /home/by1094/testRepo/package-lock.json [1ms]
2023-12-18 01:21:49.481 [info] > git cat-file -s 2253fabdfbc824481376c739367b88883133984a [1ms]
2023-12-18 01:21:53.013 [info] > git show --textconv HEAD:package.json [12ms]
2023-12-18 01:21:53.014 [info] > git ls-tree -l HEAD -- /home/by1094/testRepo/package.json [3ms]
2023-12-18 01:21:55.246 [info] > git show --textconv HEAD:package-lock.json [10ms]
2023-12-18 01:21:55.247 [info] > git ls-tree -l HEAD -- /home/by1094/testRepo/package-lock.json [3ms]
